  [1m[35m (10.6ms)[0m  [1m[34mSELECT sqlite_version(*)[0m
  [1m[35m (1.2ms)[0m  [1m[35mCREATE TABLE "schema_migrations" ("version" varchar NOT NULL PRIMARY KEY)[0m
  [1m[35m (1.0ms)[0m  [1m[35mCREATE TABLE "ar_internal_metadata" ("key" varchar NOT NULL PRIMARY KEY, "value" varchar, "created_at" datetime(6) NOT NULL, "updated_at" datetime(6) NOT NULL)[0m
  [1m[35m (0.1ms)[0m  [1m[34mSELECT "schema_migrations"."version" FROM "schema_migrations" ORDER BY "schema_migrations"."version" ASC[0m
Migrating to CreateDaycares (20211005191215)
  [1m[35m (0.1ms)[0m  [1m[36mbegin transaction[0m
  [1m[35m (0.4ms)[0m  [1m[35mCREATE TABLE "daycares" ("id" integer PRIMARY KEY AUTOINCREMENT NOT NULL, "name" varchar, "address" varchar, "created_at" datetime(6) NOT NULL, "updated_at" datetime(6) NOT NULL)[0m
  [1m[36mActiveRecord::SchemaMigration Create (0.2ms)[0m  [1m[32mINSERT INTO "schema_migrations" ("version") VALUES (?)[0m  [["version", "20211005191215"]]
  [1m[35m (0.8ms)[0m  [1m[36mcommit transaction[0m
Migrating to CreateChildren (20211005192055)
  [1m[35m (0.1ms)[0m  [1m[36mbegin transaction[0m
  [1m[35m (0.8ms)[0m  [1m[35mCREATE TABLE "children" ("id" integer PRIMARY KEY AUTOINCREMENT NOT NULL, "name" varchar, "birthday" date, "gaurdian" varchar, "allergy" varchar, "daycare_id" integer, "created_at" datetime(6) NOT NULL, "updated_at" datetime(6) NOT NULL)[0m
  [1m[36mActiveRecord::SchemaMigration Create (0.3ms)[0m  [1m[32mINSERT INTO "schema_migrations" ("version") VALUES (?)[0m  [["version", "20211005192055"]]
  [1m[35m (0.8ms)[0m  [1m[36mcommit transaction[0m
  [1m[36mActiveRecord::InternalMetadata Load (0.2ms)[0m  [1m[34mSELECT "ar_internal_metadata".* FROM "ar_internal_metadata" WHERE "ar_internal_metadata"."key" = ? LIMIT ?[0m  [["key", "environment"], ["LIMIT", 1]]
  [1m[35m (0.0ms)[0m  [1m[36mbegin transaction[0m
  [1m[36mActiveRecord::InternalMetadata Create (0.4ms)[0m  [1m[32mINSERT INTO "ar_internal_metadata" ("key", "value", "created_at", "updated_at") VALUES (?, ?, ?, ?)[0m  [["key", "environment"], ["value", "development"], ["created_at", "2021-10-05 19:25:33.196248"], ["updated_at", "2021-10-05 19:25:33.196248"]]
  [1m[35m (0.9ms)[0m  [1m[36mcommit transaction[0m
  [1m[35m (0.0ms)[0m  [1m[34mSELECT sqlite_version(*)[0m
  [1m[35m (0.1ms)[0m  [1m[34mSELECT "schema_migrations"."version" FROM "schema_migrations" ORDER BY "schema_migrations"."version" ASC[0m
  [1m[35m (1.2ms)[0m  [1m[34mSELECT sqlite_version(*)[0m
  [1m[35m (0.7ms)[0m  [1m[34mSELECT "schema_migrations"."version" FROM "schema_migrations" ORDER BY "schema_migrations"."version" ASC[0m
  [1m[35m (0.2ms)[0m  [1m[34mSELECT "schema_migrations"."version" FROM "schema_migrations" ORDER BY "schema_migrations"."version" ASC[0m
  [1m[35m (0.1ms)[0m  [1m[34mSELECT "schema_migrations"."version" FROM "schema_migrations" ORDER BY "schema_migrations"."version" ASC[0m
  [1m[35m (0.1ms)[0m  [1m[34mSELECT "schema_migrations"."version" FROM "schema_migrations" ORDER BY "schema_migrations"."version" ASC[0m
Migrating to CreateChildren (20211005192055)
  [1m[35m (0.1ms)[0m  [1m[36mbegin transaction[0m
  [1m[35m (1.2ms)[0m  [1m[35mDROP TABLE "children"[0m
  [1m[36mActiveRecord::SchemaMigration Destroy (0.4ms)[0m  [1m[31mDELETE FROM "schema_migrations" WHERE "schema_migrations"."version" = ?[0m  [["version", "20211005192055"]]
  [1m[35m (1.0ms)[0m  [1m[36mcommit transaction[0m
  [1m[35m (0.1ms)[0m  [1m[34mSELECT sqlite_version(*)[0m
  [1m[35m (0.1ms)[0m  [1m[34mSELECT "schema_migrations"."version" FROM "schema_migrations" ORDER BY "schema_migrations"."version" ASC[0m
  [1m[35m (1.0ms)[0m  [1m[34mSELECT sqlite_version(*)[0m
  [1m[35m (0.2ms)[0m  [1m[34mSELECT "schema_migrations"."version" FROM "schema_migrations" ORDER BY "schema_migrations"."version" ASC[0m
  [1m[35m (0.1ms)[0m  [1m[34mSELECT "schema_migrations"."version" FROM "schema_migrations" ORDER BY "schema_migrations"."version" ASC[0m
  [1m[35m (0.1ms)[0m  [1m[34mSELECT "schema_migrations"."version" FROM "schema_migrations" ORDER BY "schema_migrations"."version" ASC[0m
  [1m[35m (0.0ms)[0m  [1m[34mSELECT "schema_migrations"."version" FROM "schema_migrations" ORDER BY "schema_migrations"."version" ASC[0m
Migrating to CreateDaycares (20211005191215)
  [1m[35m (0.1ms)[0m  [1m[36mbegin transaction[0m
  [1m[35m (0.6ms)[0m  [1m[35mDROP TABLE "daycares"[0m
  [1m[36mActiveRecord::SchemaMigration Destroy (0.2ms)[0m  [1m[31mDELETE FROM "schema_migrations" WHERE "schema_migrations"."version" = ?[0m  [["version", "20211005191215"]]
  [1m[35m (0.9ms)[0m  [1m[36mcommit transaction[0m
  [1m[35m (0.0ms)[0m  [1m[34mSELECT sqlite_version(*)[0m
  [1m[35m (0.2ms)[0m  [1m[34mSELECT "schema_migrations"."version" FROM "schema_migrations" ORDER BY "schema_migrations"."version" ASC[0m
  [1m[35m (0.4ms)[0m  [1m[34mSELECT sqlite_version(*)[0m
  [1m[35m (0.1ms)[0m  [1m[34mSELECT "schema_migrations"."version" FROM "schema_migrations" ORDER BY "schema_migrations"."version" ASC[0m
Migrating to CreateDaycares (20211005191215)
  [1m[35m (0.1ms)[0m  [1m[36mbegin transaction[0m
  [1m[35m (0.5ms)[0m  [1m[35mCREATE TABLE "daycares" ("id" integer PRIMARY KEY AUTOINCREMENT NOT NULL, "name" varchar, "address" varchar, "created_at" datetime(6) NOT NULL, "updated_at" datetime(6) NOT NULL)[0m
  [1m[36mActiveRecord::SchemaMigration Create (0.2ms)[0m  [1m[32mINSERT INTO "schema_migrations" ("version") VALUES (?)[0m  [["version", "20211005191215"]]
  [1m[35m (1.3ms)[0m  [1m[36mcommit transaction[0m
Migrating to CreateChildren (20211005192055)
  [1m[35m (0.0ms)[0m  [1m[36mbegin transaction[0m
  [1m[35m (0.5ms)[0m  [1m[35mCREATE TABLE "children" ("id" integer PRIMARY KEY AUTOINCREMENT NOT NULL, "name" varchar, "birthday" date, "emergency_contact" varchar, "allergy" varchar, "daycare_id" integer, "created_at" datetime(6) NOT NULL, "updated_at" datetime(6) NOT NULL)[0m
  [1m[36mActiveRecord::SchemaMigration Create (0.2ms)[0m  [1m[32mINSERT INTO "schema_migrations" ("version") VALUES (?)[0m  [["version", "20211005192055"]]
  [1m[35m (0.8ms)[0m  [1m[36mcommit transaction[0m
  [1m[36mActiveRecord::InternalMetadata Load (0.1ms)[0m  [1m[34mSELECT "ar_internal_metadata".* FROM "ar_internal_metadata" WHERE "ar_internal_metadata"."key" = ? LIMIT ?[0m  [["key", "environment"], ["LIMIT", 1]]
  [1m[35m (0.0ms)[0m  [1m[34mSELECT sqlite_version(*)[0m
  [1m[35m (0.2ms)[0m  [1m[34mSELECT "schema_migrations"."version" FROM "schema_migrations" ORDER BY "schema_migrations"."version" ASC[0m
  [1m[35m (0.4ms)[0m  [1m[34mSELECT sqlite_version(*)[0m
  [1m[35m (0.1ms)[0m  [1m[34mSELECT "schema_migrations"."version" FROM "schema_migrations" ORDER BY "schema_migrations"."version" ASC[0m
  [1m[35m (0.1ms)[0m  [1m[34mSELECT "schema_migrations"."version" FROM "schema_migrations" ORDER BY "schema_migrations"."version" ASC[0m
  [1m[35m (0.0ms)[0m  [1m[34mSELECT "schema_migrations"."version" FROM "schema_migrations" ORDER BY "schema_migrations"."version" ASC[0m
  [1m[35m (0.0ms)[0m  [1m[34mSELECT "schema_migrations"."version" FROM "schema_migrations" ORDER BY "schema_migrations"."version" ASC[0m
Migrating to CreateChildren (20211005192055)
  [1m[35m (0.1ms)[0m  [1m[36mbegin transaction[0m
  [1m[35m (0.6ms)[0m  [1m[35mDROP TABLE "children"[0m
  [1m[36mActiveRecord::SchemaMigration Destroy (0.2ms)[0m  [1m[31mDELETE FROM "schema_migrations" WHERE "schema_migrations"."version" = ?[0m  [["version", "20211005192055"]]
  [1m[35m (0.9ms)[0m  [1m[36mcommit transaction[0m
  [1m[35m (0.0ms)[0m  [1m[34mSELECT sqlite_version(*)[0m
  [1m[35m (0.1ms)[0m  [1m[34mSELECT "schema_migrations"."version" FROM "schema_migrations" ORDER BY "schema_migrations"."version" ASC[0m
  [1m[35m (1.0ms)[0m  [1m[34mSELECT sqlite_version(*)[0m
  [1m[35m (0.3ms)[0m  [1m[34mSELECT "schema_migrations"."version" FROM "schema_migrations" ORDER BY "schema_migrations"."version" ASC[0m
Migrating to CreateChildren (20211005192055)
  [1m[35m (0.1ms)[0m  [1m[36mbegin transaction[0m
  [1m[35m (0.7ms)[0m  [1m[35mCREATE TABLE "children" ("id" integer PRIMARY KEY AUTOINCREMENT NOT NULL, "name" varchar, "birthday" date, "emergency_contact" varchar, "phone" integer, "allergy" varchar, "daycare_id" integer, "created_at" datetime(6) NOT NULL, "updated_at" datetime(6) NOT NULL)[0m
  [1m[36mActiveRecord::SchemaMigration Create (0.5ms)[0m  [1m[32mINSERT INTO "schema_migrations" ("version") VALUES (?)[0m  [["version", "20211005192055"]]
  [1m[35m (0.9ms)[0m  [1m[36mcommit transaction[0m
  [1m[36mActiveRecord::InternalMetadata Load (0.4ms)[0m  [1m[34mSELECT "ar_internal_metadata".* FROM "ar_internal_metadata" WHERE "ar_internal_metadata"."key" = ? LIMIT ?[0m  [["key", "environment"], ["LIMIT", 1]]
  [1m[35m (0.1ms)[0m  [1m[34mSELECT sqlite_version(*)[0m
  [1m[35m (0.1ms)[0m  [1m[34mSELECT "schema_migrations"."version" FROM "schema_migrations" ORDER BY "schema_migrations"."version" ASC[0m
  [1m[35m (0.3ms)[0m  [1m[34mSELECT sqlite_version(*)[0m
  [1m[35m (0.1ms)[0m  [1m[34mSELECT "schema_migrations"."version" FROM "schema_migrations" ORDER BY "schema_migrations"."version" ASC[0m
  [1m[35m (0.0ms)[0m  [1m[34mSELECT sqlite_version(*)[0m
  [1m[35m (0.0ms)[0m  [1m[36mbegin transaction[0m
  [1m[36mDaycare Create (0.4ms)[0m  [1m[32mINSERT INTO "daycares" ("name", "address", "created_at", "updated_at") VALUES (?, ?, ?, ?)[0m  [["name", "Sunny Day Care"], ["address", "100 W 113th St. New York, NY 10026"], ["created_at", "2021-10-05 20:08:54.454704"], ["updated_at", "2021-10-05 20:08:54.454704"]]
  [1m[35m (0.8ms)[0m  [1m[36mcommit transaction[0m
  [1m[35m (0.0ms)[0m  [1m[36mbegin transaction[0m
  [1m[36mDaycare Create (0.3ms)[0m  [1m[32mINSERT INTO "daycares" ("name", "address", "created_at", "updated_at") VALUES (?, ?, ?, ?)[0m  [["name", "Tator Totts Academy"], ["address", "1999 Clark St. Victorville, CA 92392"], ["created_at", "2021-10-05 20:08:54.458628"], ["updated_at", "2021-10-05 20:08:54.458628"]]
  [1m[35m (0.7ms)[0m  [1m[36mcommit transaction[0m
  [1m[35m (0.1ms)[0m  [1m[36mbegin transaction[0m
  [1m[36mDaycare Load (0.1ms)[0m  [1m[34mSELECT "daycares".* FROM "daycares" WHERE "daycares"."id" = ? LIMIT ?[0m  [["id", 1], ["LIMIT", 1]]
  [1m[36mChild Create (0.3ms)[0m  [1m[32mINSERT INTO "children" ("name", "birthday", "emergency_contact", "phone", "allergy", "daycare_id", "created_at", "updated_at") VALUES (?, ?, ?, ?, ?, ?, ?, ?)[0m  [["name", "Mario Lopez"], ["birthday", "2018-11-03"], ["emergency_contact", "Leslie Lopez"], ["phone", 2125557894], ["allergy", "none"], ["daycare_id", 1], ["created_at", "2021-10-05 20:08:54.496276"], ["updated_at", "2021-10-05 20:08:54.496276"]]
  [1m[35m (0.8ms)[0m  [1m[36mcommit transaction[0m
  [1m[35m (0.0ms)[0m  [1m[36mbegin transaction[0m
  [1m[36mDaycare Load (0.1ms)[0m  [1m[34mSELECT "daycares".* FROM "daycares" WHERE "daycares"."id" = ? LIMIT ?[0m  [["id", 1], ["LIMIT", 1]]
  [1m[36mChild Create (0.3ms)[0m  [1m[32mINSERT INTO "children" ("name", "birthday", "emergency_contact", "phone", "allergy", "daycare_id", "created_at", "updated_at") VALUES (?, ?, ?, ?, ?, ?, ?, ?)[0m  [["name", "Raynese Potter"], ["birthday", "2019-05-12"], ["emergency_contact", "Mark Potter"], ["phone", 7185553256], ["allergy", "peanut"], ["daycare_id", 1], ["created_at", "2021-10-05 20:08:54.501416"], ["updated_at", "2021-10-05 20:08:54.501416"]]
  [1m[35m (0.8ms)[0m  [1m[36mcommit transaction[0m
  [1m[35m (0.0ms)[0m  [1m[36mbegin transaction[0m
  [1m[36mDaycare Load (0.1ms)[0m  [1m[34mSELECT "daycares".* FROM "daycares" WHERE "daycares"."id" = ? LIMIT ?[0m  [["id", 1], ["LIMIT", 1]]
  [1m[36mChild Create (0.3ms)[0m  [1m[32mINSERT INTO "children" ("name", "birthday", "emergency_contact", "phone", "allergy", "daycare_id", "created_at", "updated_at") VALUES (?, ?, ?, ?, ?, ?, ?, ?)[0m  [["name", "Tony Giacomo"], ["birthday", "2018-02-03"], ["emergency_contact", "Maria Gandolfini"], ["phone", 2125551469], ["allergy", "none"], ["daycare_id", 1], ["created_at", "2021-10-05 20:08:54.506129"], ["updated_at", "2021-10-05 20:08:54.506129"]]
  [1m[35m (0.7ms)[0m  [1m[36mcommit transaction[0m
  [1m[35m (0.0ms)[0m  [1m[36mbegin transaction[0m
  [1m[36mDaycare Load (0.1ms)[0m  [1m[34mSELECT "daycares".* FROM "daycares" WHERE "daycares"."id" = ? LIMIT ?[0m  [["id", 1], ["LIMIT", 1]]
  [1m[36mChild Create (0.3ms)[0m  [1m[32mINSERT INTO "children" ("name", "birthday", "emergency_contact", "phone", "allergy", "daycare_id", "created_at", "updated_at") VALUES (?, ?, ?, ?, ?, ?, ?, ?)[0m  [["name", "Cynthia Moreno"], ["birthday", "2019-04-19"], ["emergency_contact", "Carla De Miguel"], ["phone", 2125553369], ["allergy", "none"], ["daycare_id", 1], ["created_at", "2021-10-05 20:08:54.510553"], ["updated_at", "2021-10-05 20:08:54.510553"]]
  [1m[35m (0.7ms)[0m  [1m[36mcommit transaction[0m
  [1m[35m (0.5ms)[0m  [1m[34mSELECT sqlite_version(*)[0m
  [1m[36mDaycare Load (0.2ms)[0m  [1m[34mSELECT "daycares".* FROM "daycares" LIMIT ?[0m  [["LIMIT", 11]]
  [1m[36mChild Load (0.3ms)[0m  [1m[34mSELECT "children".* FROM "children"[0m
Started GET "/children" for ::1 at 2021-10-05 15:27:46 -0500
  [1m[35m (0.8ms)[0m  [1m[34mSELECT sqlite_version(*)[0m
  [1m[35m (0.6ms)[0m  [1m[34mSELECT "schema_migrations"."version" FROM "schema_migrations" ORDER BY "schema_migrations"."version" ASC[0m
  
ActionController::RoutingError (No route matches [GET] "/children"):
  
actionpack (6.0.4.1) lib/action_dispatch/middleware/debug_exceptions.rb:36:in `call'
actionpack (6.0.4.1) lib/action_dispatch/middleware/show_exceptions.rb:33:in `call'
railties (6.0.4.1) lib/rails/rack/logger.rb:37:in `call_app'
railties (6.0.4.1) lib/rails/rack/logger.rb:26:in `block in call'
activesupport (6.0.4.1) lib/active_support/tagged_logging.rb:80:in `block in tagged'
activesupport (6.0.4.1) lib/active_support/tagged_logging.rb:28:in `tagged'
activesupport (6.0.4.1) lib/active_support/tagged_logging.rb:80:in `tagged'
railties (6.0.4.1) lib/rails/rack/logger.rb:26:in `call'
actionpack (6.0.4.1) lib/action_dispatch/middleware/remote_ip.rb:81:in `call'
actionpack (6.0.4.1) lib/action_dispatch/middleware/request_id.rb:27:in `call'
rack (2.2.3) lib/rack/runtime.rb:22:in `call'
activesupport (6.0.4.1) lib/active_support/cache/strategy/local_cache_middleware.rb:29:in `call'
actionpack (6.0.4.1) lib/action_dispatch/middleware/executor.rb:14:in `call'
actionpack (6.0.4.1) lib/action_dispatch/middleware/static.rb:126:in `call'
rack (2.2.3) lib/rack/sendfile.rb:110:in `call'
actionpack (6.0.4.1) lib/action_dispatch/middleware/host_authorization.rb:82:in `call'
rack-cors (1.1.1) lib/rack/cors.rb:100:in `call'
railties (6.0.4.1) lib/rails/engine.rb:527:in `call'
puma (4.3.8) lib/puma/configuration.rb:228:in `call'
puma (4.3.8) lib/puma/server.rb:718:in `handle_request'
puma (4.3.8) lib/puma/server.rb:472:in `process_client'
puma (4.3.8) lib/puma/server.rb:328:in `block in run'
puma (4.3.8) lib/puma/thread_pool.rb:134:in `block in spawn_thread'
Started GET "/children" for ::1 at 2021-10-05 15:28:40 -0500
  
ActionController::RoutingError (No route matches [GET] "/children"):
  
actionpack (6.0.4.1) lib/action_dispatch/middleware/debug_exceptions.rb:36:in `call'
actionpack (6.0.4.1) lib/action_dispatch/middleware/show_exceptions.rb:33:in `call'
railties (6.0.4.1) lib/rails/rack/logger.rb:37:in `call_app'
railties (6.0.4.1) lib/rails/rack/logger.rb:26:in `block in call'
activesupport (6.0.4.1) lib/active_support/tagged_logging.rb:80:in `block in tagged'
activesupport (6.0.4.1) lib/active_support/tagged_logging.rb:28:in `tagged'
activesupport (6.0.4.1) lib/active_support/tagged_logging.rb:80:in `tagged'
railties (6.0.4.1) lib/rails/rack/logger.rb:26:in `call'
actionpack (6.0.4.1) lib/action_dispatch/middleware/remote_ip.rb:81:in `call'
actionpack (6.0.4.1) lib/action_dispatch/middleware/request_id.rb:27:in `call'
rack (2.2.3) lib/rack/runtime.rb:22:in `call'
activesupport (6.0.4.1) lib/active_support/cache/strategy/local_cache_middleware.rb:29:in `call'
actionpack (6.0.4.1) lib/action_dispatch/middleware/executor.rb:14:in `call'
actionpack (6.0.4.1) lib/action_dispatch/middleware/static.rb:126:in `call'
rack (2.2.3) lib/rack/sendfile.rb:110:in `call'
actionpack (6.0.4.1) lib/action_dispatch/middleware/host_authorization.rb:82:in `call'
rack-cors (1.1.1) lib/rack/cors.rb:100:in `call'
railties (6.0.4.1) lib/rails/engine.rb:527:in `call'
puma (4.3.8) lib/puma/configuration.rb:228:in `call'
puma (4.3.8) lib/puma/server.rb:718:in `handle_request'
puma (4.3.8) lib/puma/server.rb:472:in `process_client'
puma (4.3.8) lib/puma/server.rb:328:in `block in run'
puma (4.3.8) lib/puma/thread_pool.rb:134:in `block in spawn_thread'
Started GET "/" for ::1 at 2021-10-05 15:28:45 -0500
Processing by Rails::WelcomeController#index as HTML
  Rendering /Users/ifeoluwaakinremi-wade/.rvm/gems/ruby-2.6.1/gems/railties-6.0.4.1/lib/rails/templates/rails/welcome/index.html.erb
  Rendered /Users/ifeoluwaakinremi-wade/.rvm/gems/ruby-2.6.1/gems/railties-6.0.4.1/lib/rails/templates/rails/welcome/index.html.erb (Duration: 6.8ms | Allocations: 197)
Completed 200 OK in 8ms (Views: 7.5ms | ActiveRecord: 0.0ms | Allocations: 872)


Started GET "/daycares" for ::1 at 2021-10-05 15:28:58 -0500
Processing by DaycaresController#index as HTML
  [1m[36mDaycare Load (0.7ms)[0m  [1m[34mSELECT "daycares".* FROM "daycares"[0m
  â†³ app/controllers/daycares_controller.rb:8:in `index'
Completed 200 OK in 16ms (Views: 8.8ms | ActiveRecord: 1.6ms | Allocations: 5990)


Started GET "/daycares" for ::1 at 2021-10-05 15:31:26 -0500
  [1m[35m (0.1ms)[0m  [1m[34mSELECT sqlite_version(*)[0m
Processing by DaycaresController#index as HTML
  [1m[36mDaycare Load (0.5ms)[0m  [1m[34mSELECT "daycares".* FROM "daycares"[0m
  â†³ app/controllers/daycares_controller.rb:8:in `index'
  [1m[36mChild Load (0.6ms)[0m  [1m[34mSELECT "children".* FROM "children" WHERE "children"."daycare_id" = ?[0m  [["daycare_id", 1]]
  â†³ app/controllers/daycares_controller.rb:8:in `index'
  [1m[36mChild Load (0.1ms)[0m  [1m[34mSELECT "children".* FROM "children" WHERE "children"."daycare_id" = ?[0m  [["daycare_id", 2]]
  â†³ app/controllers/daycares_controller.rb:8:in `index'
Completed 200 OK in 37ms (Views: 31.8ms | ActiveRecord: 2.6ms | Allocations: 18571)


Started GET "/daycares" for ::1 at 2021-10-05 15:32:21 -0500
  [1m[35m (0.1ms)[0m  [1m[34mSELECT sqlite_version(*)[0m
Processing by DaycaresController#index as HTML
  [1m[36mDaycare Load (0.2ms)[0m  [1m[34mSELECT "daycares".* FROM "daycares"[0m
  â†³ app/controllers/daycares_controller.rb:8:in `index'
  [1m[36mChild Load (0.1ms)[0m  [1m[34mSELECT "children".* FROM "children" WHERE "children"."daycare_id" = ?[0m  [["daycare_id", 1]]
  â†³ app/controllers/daycares_controller.rb:8:in `index'
  [1m[36mChild Load (0.1ms)[0m  [1m[34mSELECT "children".* FROM "children" WHERE "children"."daycare_id" = ?[0m  [["daycare_id", 2]]
  â†³ app/controllers/daycares_controller.rb:8:in `index'
Completed 200 OK in 18ms (Views: 14.9ms | ActiveRecord: 1.5ms | Allocations: 14602)


Started GET "/children" for ::1 at 2021-10-05 15:32:43 -0500
  
ActionController::RoutingError (No route matches [GET] "/children"):
  
actionpack (6.0.4.1) lib/action_dispatch/middleware/debug_exceptions.rb:36:in `call'
actionpack (6.0.4.1) lib/action_dispatch/middleware/show_exceptions.rb:33:in `call'
railties (6.0.4.1) lib/rails/rack/logger.rb:37:in `call_app'
railties (6.0.4.1) lib/rails/rack/logger.rb:26:in `block in call'
activesupport (6.0.4.1) lib/active_support/tagged_logging.rb:80:in `block in tagged'
activesupport (6.0.4.1) lib/active_support/tagged_logging.rb:28:in `tagged'
activesupport (6.0.4.1) lib/active_support/tagged_logging.rb:80:in `tagged'
railties (6.0.4.1) lib/rails/rack/logger.rb:26:in `call'
actionpack (6.0.4.1) lib/action_dispatch/middleware/remote_ip.rb:81:in `call'
actionpack (6.0.4.1) lib/action_dispatch/middleware/request_id.rb:27:in `call'
rack (2.2.3) lib/rack/runtime.rb:22:in `call'
activesupport (6.0.4.1) lib/active_support/cache/strategy/local_cache_middleware.rb:29:in `call'
actionpack (6.0.4.1) lib/action_dispatch/middleware/executor.rb:14:in `call'
actionpack (6.0.4.1) lib/action_dispatch/middleware/static.rb:126:in `call'
rack (2.2.3) lib/rack/sendfile.rb:110:in `call'
actionpack (6.0.4.1) lib/action_dispatch/middleware/host_authorization.rb:82:in `call'
rack-cors (1.1.1) lib/rack/cors.rb:100:in `call'
railties (6.0.4.1) lib/rails/engine.rb:527:in `call'
puma (4.3.8) lib/puma/configuration.rb:228:in `call'
puma (4.3.8) lib/puma/server.rb:718:in `handle_request'
puma (4.3.8) lib/puma/server.rb:472:in `process_client'
puma (4.3.8) lib/puma/server.rb:328:in `block in run'
puma (4.3.8) lib/puma/thread_pool.rb:134:in `block in spawn_thread'
Started GET "/daycares/1/children" for ::1 at 2021-10-05 15:33:31 -0500
Processing by ChildrenController#index as HTML
  Parameters: {"daycare_id"=>"1"}
  [1m[36mDaycare Load (0.3ms)[0m  [1m[34mSELECT "daycares".* FROM "daycares" WHERE "daycares"."id" = ? LIMIT ?[0m  [["id", 1], ["LIMIT", 1]]
  â†³ app/controllers/children_controller.rb:49:in `set_daycare'
  [1m[36mChild Load (0.2ms)[0m  [1m[34mSELECT "children".* FROM "children"[0m
  â†³ app/controllers/children_controller.rb:9:in `index'
Completed 500 Internal Server Error in 13ms (ActiveRecord: 0.5ms | Allocations: 4201)


  
NoMethodError (undefined method `daycares' for #<Child:0x00007faeea229688>
Did you mean?  daycare
               daycare=):
  
app/controllers/children_controller.rb:9:in `index'
Started GET "/daycares/1/children" for ::1 at 2021-10-05 15:34:05 -0500
  [1m[35m (0.1ms)[0m  [1m[34mSELECT sqlite_version(*)[0m
Processing by ChildrenController#index as HTML
  Parameters: {"daycare_id"=>"1"}
  [1m[36mDaycare Load (0.1ms)[0m  [1m[34mSELECT "daycares".* FROM "daycares" WHERE "daycares"."id" = ? LIMIT ?[0m  [["id", 1], ["LIMIT", 1]]
  â†³ app/controllers/children_controller.rb:49:in `set_daycare'
  [1m[36mChild Load (0.2ms)[0m  [1m[34mSELECT "children".* FROM "children"[0m
  â†³ app/controllers/children_controller.rb:9:in `index'
Completed 200 OK in 16ms (Views: 7.7ms | ActiveRecord: 1.2ms | Allocations: 12826)


  [1m[35m (0.9ms)[0m  [1m[34mSELECT sqlite_version(*)[0m
  [1m[35m (0.1ms)[0m  [1m[36mbegin transaction[0m
  [1m[36mDaycare Load (0.1ms)[0m  [1m[34mSELECT "daycares".* FROM "daycares" WHERE "daycares"."id" = ? LIMIT ?[0m  [["id", 1], ["LIMIT", 1]]
  [1m[36mChild Create (0.9ms)[0m  [1m[32mINSERT INTO "children" ("name", "birthday", "emergency_contact", "phone", "allergy", "daycare_id", "created_at", "updated_at") VALUES (?, ?, ?, ?, ?, ?, ?, ?)[0m  [["name", "Zoe James"], ["birthday", "2019-10-19"], ["emergency_contact", "Nadine Moore"], ["phone", 2125554578], ["allergy", "latex"], ["daycare_id", 1], ["created_at", "2021-10-05 20:40:26.359930"], ["updated_at", "2021-10-05 20:40:26.359930"]]
  [1m[35m (0.9ms)[0m  [1m[36mcommit transaction[0m
Started GET "/daycares/1/children" for ::1 at 2021-10-05 15:40:47 -0500
  [1m[35m (0.2ms)[0m  [1m[34mSELECT sqlite_version(*)[0m
Processing by ChildrenController#index as HTML
  Parameters: {"daycare_id"=>"1"}
  [1m[36mDaycare Load (0.5ms)[0m  [1m[34mSELECT "daycares".* FROM "daycares" WHERE "daycares"."id" = ? LIMIT ?[0m  [["id", 1], ["LIMIT", 1]]
  â†³ app/controllers/children_controller.rb:49:in `set_daycare'
  [1m[36mChild Load (0.2ms)[0m  [1m[34mSELECT "children".* FROM "children"[0m
  â†³ app/controllers/children_controller.rb:9:in `index'
Completed 200 OK in 4ms (Views: 1.9ms | ActiveRecord: 0.6ms | Allocations: 2335)


Started GET "/daycares" for ::1 at 2021-10-05 15:41:01 -0500
Processing by DaycaresController#index as HTML
  [1m[36mDaycare Load (0.3ms)[0m  [1m[34mSELECT "daycares".* FROM "daycares"[0m
  â†³ app/controllers/daycares_controller.rb:8:in `index'
  [1m[36mChild Load (0.2ms)[0m  [1m[34mSELECT "children".* FROM "children" WHERE "children"."daycare_id" = ?[0m  [["daycare_id", 1]]
  â†³ app/controllers/daycares_controller.rb:8:in `index'
  [1m[36mChild Load (0.2ms)[0m  [1m[34mSELECT "children".* FROM "children" WHERE "children"."daycare_id" = ?[0m  [["daycare_id", 2]]
  â†³ app/controllers/daycares_controller.rb:8:in `index'
Completed 200 OK in 11ms (Views: 10.1ms | ActiveRecord: 0.7ms | Allocations: 4237)


  [1m[35m (0.7ms)[0m  [1m[34mSELECT sqlite_version(*)[0m
  [1m[35m (0.5ms)[0m  [1m[34mSELECT "schema_migrations"."version" FROM "schema_migrations" ORDER BY "schema_migrations"."version" ASC[0m
  [1m[35m (0.1ms)[0m  [1m[34mSELECT "schema_migrations"."version" FROM "schema_migrations" ORDER BY "schema_migrations"."version" ASC[0m
  [1m[35m (0.1ms)[0m  [1m[34mSELECT "schema_migrations"."version" FROM "schema_migrations" ORDER BY "schema_migrations"."version" ASC[0m
  [1m[35m (0.1ms)[0m  [1m[34mSELECT "schema_migrations"."version" FROM "schema_migrations" ORDER BY "schema_migrations"."version" ASC[0m
Migrating to CreateChildren (20211005192055)
  [1m[35m (0.1ms)[0m  [1m[36mbegin transaction[0m
  [1m[35m (1.2ms)[0m  [1m[35mDROP TABLE "children"[0m
  [1m[36mActiveRecord::SchemaMigration Destroy (0.4ms)[0m  [1m[31mDELETE FROM "schema_migrations" WHERE "schema_migrations"."version" = ?[0m  [["version", "20211005192055"]]
  [1m[35m (0.9ms)[0m  [1m[36mcommit transaction[0m
  [1m[35m (0.1ms)[0m  [1m[34mSELECT sqlite_version(*)[0m
  [1m[35m (0.1ms)[0m  [1m[34mSELECT "schema_migrations"."version" FROM "schema_migrations" ORDER BY "schema_migrations"."version" ASC[0m
Started GET "/daycares" for ::1 at 2021-10-05 16:53:08 -0500
  [1m[35m (0.0ms)[0m  [1m[34mSELECT sqlite_version(*)[0m
  [1m[35m (0.1ms)[0m  [1m[34mSELECT "schema_migrations"."version" FROM "schema_migrations" ORDER BY "schema_migrations"."version" ASC[0m
  
ActiveRecord::PendingMigrationError (

Migrations are pending. To resolve this issue, run:

        rails db:migrate RAILS_ENV=development

):
  
activerecord (6.0.4.1) lib/active_record/migration.rb:586:in `check_pending!'
activerecord (6.0.4.1) lib/active_record/migration.rb:564:in `call'
actionpack (6.0.4.1) lib/action_dispatch/middleware/callbacks.rb:27:in `block in call'
activesupport (6.0.4.1) lib/active_support/callbacks.rb:101:in `run_callbacks'
actionpack (6.0.4.1) lib/action_dispatch/middleware/callbacks.rb:26:in `call'
actionpack (6.0.4.1) lib/action_dispatch/middleware/executor.rb:14:in `call'
actionpack (6.0.4.1) lib/action_dispatch/middleware/actionable_exceptions.rb:18:in `call'
actionpack (6.0.4.1) lib/action_dispatch/middleware/debug_exceptions.rb:32:in `call'
actionpack (6.0.4.1) lib/action_dispatch/middleware/show_exceptions.rb:33:in `call'
railties (6.0.4.1) lib/rails/rack/logger.rb:37:in `call_app'
railties (6.0.4.1) lib/rails/rack/logger.rb:26:in `block in call'
activesupport (6.0.4.1) lib/active_support/tagged_logging.rb:80:in `block in tagged'
activesupport (6.0.4.1) lib/active_support/tagged_logging.rb:28:in `tagged'
activesupport (6.0.4.1) lib/active_support/tagged_logging.rb:80:in `tagged'
railties (6.0.4.1) lib/rails/rack/logger.rb:26:in `call'
actionpack (6.0.4.1) lib/action_dispatch/middleware/remote_ip.rb:81:in `call'
actionpack (6.0.4.1) lib/action_dispatch/middleware/request_id.rb:27:in `call'
rack (2.2.3) lib/rack/runtime.rb:22:in `call'
activesupport (6.0.4.1) lib/active_support/cache/strategy/local_cache_middleware.rb:29:in `call'
actionpack (6.0.4.1) lib/action_dispatch/middleware/executor.rb:14:in `call'
actionpack (6.0.4.1) lib/action_dispatch/middleware/static.rb:126:in `call'
rack (2.2.3) lib/rack/sendfile.rb:110:in `call'
actionpack (6.0.4.1) lib/action_dispatch/middleware/host_authorization.rb:82:in `call'
rack-cors (1.1.1) lib/rack/cors.rb:100:in `call'
railties (6.0.4.1) lib/rails/engine.rb:527:in `call'
puma (4.3.8) lib/puma/configuration.rb:228:in `call'
puma (4.3.8) lib/puma/server.rb:718:in `handle_request'
puma (4.3.8) lib/puma/server.rb:472:in `process_client'
puma (4.3.8) lib/puma/server.rb:328:in `block in run'
puma (4.3.8) lib/puma/thread_pool.rb:134:in `block in spawn_thread'
  [1m[35m (1.0ms)[0m  [1m[34mSELECT sqlite_version(*)[0m
  [1m[35m (0.1ms)[0m  [1m[34mSELECT "schema_migrations"."version" FROM "schema_migrations" ORDER BY "schema_migrations"."version" ASC[0m
Migrating to CreateToddlers (20211005192055)
  [1m[35m (1.6ms)[0m  [1m[34mSELECT sqlite_version(*)[0m
  [1m[35m (0.1ms)[0m  [1m[34mSELECT "schema_migrations"."version" FROM "schema_migrations" ORDER BY "schema_migrations"."version" ASC[0m
  [1m[35m (0.1ms)[0m  [1m[34mSELECT "schema_migrations"."version" FROM "schema_migrations" ORDER BY "schema_migrations"."version" ASC[0m
  [1m[35m (0.1ms)[0m  [1m[34mSELECT "schema_migrations"."version" FROM "schema_migrations" ORDER BY "schema_migrations"."version" ASC[0m
  [1m[35m (0.1ms)[0m  [1m[34mSELECT "schema_migrations"."version" FROM "schema_migrations" ORDER BY "schema_migrations"."version" ASC[0m
Migrating to CreateDaycares (20211005191215)
  [1m[35m (0.1ms)[0m  [1m[36mbegin transaction[0m
  [1m[35m (1.0ms)[0m  [1m[35mDROP TABLE "daycares"[0m
  [1m[36mActiveRecord::SchemaMigration Destroy (0.6ms)[0m  [1m[31mDELETE FROM "schema_migrations" WHERE "schema_migrations"."version" = ?[0m  [["version", "20211005191215"]]
  [1m[35m (0.8ms)[0m  [1m[36mcommit transaction[0m
  [1m[35m (0.1ms)[0m  [1m[34mSELECT sqlite_version(*)[0m
  [1m[35m (0.1ms)[0m  [1m[34mSELECT "schema_migrations"."version" FROM "schema_migrations" ORDER BY "schema_migrations"."version" ASC[0m
  [1m[35m (0.3ms)[0m  [1m[34mSELECT sqlite_version(*)[0m
  [1m[35m (0.1ms)[0m  [1m[34mSELECT "schema_migrations"."version" FROM "schema_migrations" ORDER BY "schema_migrations"."version" ASC[0m
Migrating to CreateDaycares (20211005191215)
  [1m[35m (0.1ms)[0m  [1m[36mbegin transaction[0m
  [1m[35m (0.5ms)[0m  [1m[35mCREATE TABLE "daycares" ("id" integer PRIMARY KEY AUTOINCREMENT NOT NULL, "name" varchar, "address" varchar, "created_at" datetime(6) NOT NULL, "updated_at" datetime(6) NOT NULL)[0m
  [1m[36mActiveRecord::SchemaMigration Create (0.2ms)[0m  [1m[32mINSERT INTO "schema_migrations" ("version") VALUES (?)[0m  [["version", "20211005191215"]]
  [1m[35m (1.1ms)[0m  [1m[36mcommit transaction[0m
Migrating to CreateToddlers (20211005192055)
Started GET "/daycares" for ::1 at 2021-10-05 16:56:41 -0500
  [1m[35m (0.0ms)[0m  [1m[34mSELECT sqlite_version(*)[0m
  [1m[35m (0.1ms)[0m  [1m[34mSELECT "schema_migrations"."version" FROM "schema_migrations" ORDER BY "schema_migrations"."version" ASC[0m
  
ActiveRecord::PendingMigrationError (

Migrations are pending. To resolve this issue, run:

        rails db:migrate RAILS_ENV=development

):
  
activerecord (6.0.4.1) lib/active_record/migration.rb:586:in `check_pending!'
activerecord (6.0.4.1) lib/active_record/migration.rb:564:in `call'
actionpack (6.0.4.1) lib/action_dispatch/middleware/callbacks.rb:27:in `block in call'
activesupport (6.0.4.1) lib/active_support/callbacks.rb:101:in `run_callbacks'
actionpack (6.0.4.1) lib/action_dispatch/middleware/callbacks.rb:26:in `call'
actionpack (6.0.4.1) lib/action_dispatch/middleware/executor.rb:14:in `call'
actionpack (6.0.4.1) lib/action_dispatch/middleware/actionable_exceptions.rb:18:in `call'
actionpack (6.0.4.1) lib/action_dispatch/middleware/debug_exceptions.rb:32:in `call'
actionpack (6.0.4.1) lib/action_dispatch/middleware/show_exceptions.rb:33:in `call'
railties (6.0.4.1) lib/rails/rack/logger.rb:37:in `call_app'
railties (6.0.4.1) lib/rails/rack/logger.rb:26:in `block in call'
activesupport (6.0.4.1) lib/active_support/tagged_logging.rb:80:in `block in tagged'
activesupport (6.0.4.1) lib/active_support/tagged_logging.rb:28:in `tagged'
activesupport (6.0.4.1) lib/active_support/tagged_logging.rb:80:in `tagged'
railties (6.0.4.1) lib/rails/rack/logger.rb:26:in `call'
actionpack (6.0.4.1) lib/action_dispatch/middleware/remote_ip.rb:81:in `call'
actionpack (6.0.4.1) lib/action_dispatch/middleware/request_id.rb:27:in `call'
rack (2.2.3) lib/rack/runtime.rb:22:in `call'
activesupport (6.0.4.1) lib/active_support/cache/strategy/local_cache_middleware.rb:29:in `call'
actionpack (6.0.4.1) lib/action_dispatch/middleware/executor.rb:14:in `call'
actionpack (6.0.4.1) lib/action_dispatch/middleware/static.rb:126:in `call'
rack (2.2.3) lib/rack/sendfile.rb:110:in `call'
actionpack (6.0.4.1) lib/action_dispatch/middleware/host_authorization.rb:82:in `call'
rack-cors (1.1.1) lib/rack/cors.rb:100:in `call'
railties (6.0.4.1) lib/rails/engine.rb:527:in `call'
puma (4.3.8) lib/puma/configuration.rb:228:in `call'
puma (4.3.8) lib/puma/server.rb:718:in `handle_request'
puma (4.3.8) lib/puma/server.rb:472:in `process_client'
puma (4.3.8) lib/puma/server.rb:328:in `block in run'
puma (4.3.8) lib/puma/thread_pool.rb:134:in `block in spawn_thread'
  [1m[35m (2.2ms)[0m  [1m[34mSELECT sqlite_version(*)[0m
  [1m[35m (0.2ms)[0m  [1m[34mSELECT "schema_migrations"."version" FROM "schema_migrations" ORDER BY "schema_migrations"."version" ASC[0m
  [1m[35m (0.3ms)[0m  [1m[34mSELECT "ar_internal_metadata"."value" FROM "ar_internal_metadata" WHERE "ar_internal_metadata"."key" = ?[0m  [["key", "environment"]]
  [1m[35m (0.1ms)[0m  [1m[34mSELECT "schema_migrations"."version" FROM "schema_migrations" ORDER BY "schema_migrations"."version" ASC[0m
  [1m[35m (0.1ms)[0m  [1m[34mSELECT "ar_internal_metadata"."value" FROM "ar_internal_metadata" WHERE "ar_internal_metadata"."key" = ?[0m  [["key", "environment"]]
  [1m[35m (0.1ms)[0m  [1m[34mSELECT "schema_migrations"."version" FROM "schema_migrations" ORDER BY "schema_migrations"."version" ASC[0m
  [1m[35m (0.1ms)[0m  [1m[34mSELECT "ar_internal_metadata"."value" FROM "ar_internal_metadata" WHERE "ar_internal_metadata"."key" = ?[0m  [["key", "environment"]]
  [1m[35m (0.5ms)[0m  [1m[34mSELECT sqlite_version(*)[0m
  [1m[35m (1.8ms)[0m  [1m[35mCREATE TABLE "schema_migrations" ("version" varchar NOT NULL PRIMARY KEY)[0m
  [1m[35m (1.3ms)[0m  [1m[35mCREATE TABLE "ar_internal_metadata" ("key" varchar NOT NULL PRIMARY KEY, "value" varchar, "created_at" datetime(6) NOT NULL, "updated_at" datetime(6) NOT NULL)[0m
  [1m[35m (0.1ms)[0m  [1m[34mSELECT "schema_migrations"."version" FROM "schema_migrations" ORDER BY "schema_migrations"."version" ASC[0m
Migrating to CreateDaycares (20211005191215)
  [1m[35m (0.1ms)[0m  [1m[36mbegin transaction[0m
  [1m[35m (0.5ms)[0m  [1m[35mCREATE TABLE "daycares" ("id" integer PRIMARY KEY AUTOINCREMENT NOT NULL, "name" varchar, "address" varchar, "created_at" datetime(6) NOT NULL, "updated_at" datetime(6) NOT NULL)[0m
  [1m[36mActiveRecord::SchemaMigration Create (0.2ms)[0m  [1m[32mINSERT INTO "schema_migrations" ("version") VALUES (?)[0m  [["version", "20211005191215"]]
  [1m[35m (0.8ms)[0m  [1m[36mcommit transaction[0m
Migrating to CreateToddlers (20211005192055)
  [1m[35m (0.8ms)[0m  [1m[34mSELECT sqlite_version(*)[0m
  [1m[35m (0.7ms)[0m  [1m[34mSELECT "schema_migrations"."version" FROM "schema_migrations" ORDER BY "schema_migrations"."version" ASC[0m
Migrating to CreateToddlers (20211005192055)
  [1m[35m (1.2ms)[0m  [1m[34mSELECT sqlite_version(*)[0m
  [1m[35m (0.9ms)[0m  [1m[34mSELECT "schema_migrations"."version" FROM "schema_migrations" ORDER BY "schema_migrations"."version" ASC[0m
  [1m[35m (0.7ms)[0m  [1m[34mSELECT "ar_internal_metadata"."value" FROM "ar_internal_metadata" WHERE "ar_internal_metadata"."key" = ?[0m  [["key", "environment"]]
  [1m[35m (0.3ms)[0m  [1m[34mSELECT sqlite_version(*)[0m
  [1m[35m (0.1ms)[0m  [1m[34mSELECT "schema_migrations"."version" FROM "schema_migrations" ORDER BY "schema_migrations"."version" ASC[0m
  [1m[35m (0.1ms)[0m  [1m[34mSELECT "ar_internal_metadata"."value" FROM "ar_internal_metadata" WHERE "ar_internal_metadata"."key" = ?[0m  [["key", "environment"]]
  [1m[35m (1.8ms)[0m  [1m[34mSELECT sqlite_version(*)[0m
  [1m[35m (0.5ms)[0m  [1m[34mSELECT "schema_migrations"."version" FROM "schema_migrations" ORDER BY "schema_migrations"."version" ASC[0m
Migrating to CreateToddlers (20211005192055)
  [1m[35m (0.8ms)[0m  [1m[34mSELECT sqlite_version(*)[0m
  [1m[35m (0.4ms)[0m  [1m[34mSELECT "schema_migrations"."version" FROM "schema_migrations" ORDER BY "schema_migrations"."version" ASC[0m
Migrating to CreateToddlers (20211005221546)
  [1m[35m (0.0ms)[0m  [1m[36mbegin transaction[0m
  [1m[35m (0.5ms)[0m  [1m[35mCREATE TABLE "toddlers" ("id" integer PRIMARY KEY AUTOINCREMENT NOT NULL, "name" varchar, "birthday" date, "remergency_contact" varchar, "phone" integer, "allergy" varchar, "daycare_id" integer, "created_at" datetime(6) NOT NULL, "updated_at" datetime(6) NOT NULL)[0m
  [1m[36mActiveRecord::SchemaMigration Create (0.5ms)[0m  [1m[32mINSERT INTO "schema_migrations" ("version") VALUES (?)[0m  [["version", "20211005221546"]]
  [1m[35m (1.3ms)[0m  [1m[36mcommit transaction[0m
  [1m[36mActiveRecord::InternalMetadata Load (0.4ms)[0m  [1m[34mSELECT "ar_internal_metadata".* FROM "ar_internal_metadata" WHERE "ar_internal_metadata"."key" = ? LIMIT ?[0m  [["key", "environment"], ["LIMIT", 1]]
  [1m[35m (0.0ms)[0m  [1m[36mbegin transaction[0m
  [1m[36mActiveRecord::InternalMetadata Create (0.8ms)[0m  [1m[32mINSERT INTO "ar_internal_metadata" ("key", "value", "created_at", "updated_at") VALUES (?, ?, ?, ?)[0m  [["key", "environment"], ["value", "development"], ["created_at", "2021-10-05 22:16:51.032696"], ["updated_at", "2021-10-05 22:16:51.032696"]]
  [1m[35m (0.9ms)[0m  [1m[36mcommit transaction[0m
  [1m[35m (0.1ms)[0m  [1m[34mSELECT sqlite_version(*)[0m
  [1m[35m (0.3ms)[0m  [1m[34mSELECT "schema_migrations"."version" FROM "schema_migrations" ORDER BY "schema_migrations"."version" ASC[0m
  [1m[35m (0.3ms)[0m  [1m[34mSELECT sqlite_version(*)[0m
  [1m[35m (0.1ms)[0m  [1m[34mSELECT "schema_migrations"."version" FROM "schema_migrations" ORDER BY "schema_migrations"."version" ASC[0m
  [1m[35m (0.1ms)[0m  [1m[34mSELECT "schema_migrations"."version" FROM "schema_migrations" ORDER BY "schema_migrations"."version" ASC[0m
  [1m[35m (0.1ms)[0m  [1m[34mSELECT "schema_migrations"."version" FROM "schema_migrations" ORDER BY "schema_migrations"."version" ASC[0m
  [1m[35m (0.0ms)[0m  [1m[34mSELECT "schema_migrations"."version" FROM "schema_migrations" ORDER BY "schema_migrations"."version" ASC[0m
Migrating to CreateToddlers (20211005221546)
  [1m[35m (0.1ms)[0m  [1m[36mbegin transaction[0m
  [1m[35m (0.5ms)[0m  [1m[35mDROP TABLE "toddlers"[0m
  [1m[36mActiveRecord::SchemaMigration Destroy (0.2ms)[0m  [1m[31mDELETE FROM "schema_migrations" WHERE "schema_migrations"."version" = ?[0m  [["version", "20211005221546"]]
  [1m[35m (0.7ms)[0m  [1m[36mcommit transaction[0m
  [1m[35m (0.0ms)[0m  [1m[34mSELECT sqlite_version(*)[0m
  [1m[35m (0.1ms)[0m  [1m[34mSELECT "schema_migrations"."version" FROM "schema_migrations" ORDER BY "schema_migrations"."version" ASC[0m
  [1m[35m (0.5ms)[0m  [1m[34mSELECT sqlite_version(*)[0m
  [1m[35m (0.1ms)[0m  [1m[34mSELECT "schema_migrations"."version" FROM "schema_migrations" ORDER BY "schema_migrations"."version" ASC[0m
Migrating to CreateToddlers (20211005221546)
  [1m[35m (0.1ms)[0m  [1m[36mbegin transaction[0m
  [1m[35m (0.5ms)[0m  [1m[35mCREATE TABLE "toddlers" ("id" integer PRIMARY KEY AUTOINCREMENT NOT NULL, "name" varchar, "birthday" date, "emergency_contact" varchar, "phone" integer, "allergy" varchar, "daycare_id" integer, "created_at" datetime(6) NOT NULL, "updated_at" datetime(6) NOT NULL)[0m
  [1m[36mActiveRecord::SchemaMigration Create (0.2ms)[0m  [1m[32mINSERT INTO "schema_migrations" ("version") VALUES (?)[0m  [["version", "20211005221546"]]
  [1m[35m (0.8ms)[0m  [1m[36mcommit transaction[0m
  [1m[36mActiveRecord::InternalMetadata Load (0.2ms)[0m  [1m[34mSELECT "ar_internal_metadata".* FROM "ar_internal_metadata" WHERE "ar_internal_metadata"."key" = ? LIMIT ?[0m  [["key", "environment"], ["LIMIT", 1]]
  [1m[35m (0.0ms)[0m  [1m[34mSELECT sqlite_version(*)[0m
  [1m[35m (0.1ms)[0m  [1m[34mSELECT "schema_migrations"."version" FROM "schema_migrations" ORDER BY "schema_migrations"."version" ASC[0m
Started GET "/daycares" for ::1 at 2021-10-05 17:18:32 -0500
  [1m[35m (0.4ms)[0m  [1m[34mSELECT sqlite_version(*)[0m
  [1m[35m (0.2ms)[0m  [1m[34mSELECT "schema_migrations"."version" FROM "schema_migrations" ORDER BY "schema_migrations"."version" ASC[0m
Processing by DaycaresController#index as HTML
  [1m[36mDaycare Load (0.7ms)[0m  [1m[34mSELECT "daycares".* FROM "daycares"[0m
  â†³ app/controllers/daycares_controller.rb:8:in `index'
Completed 200 OK in 16ms (Views: 3.4ms | ActiveRecord: 1.0ms | Allocations: 2393)


  [1m[35m (0.3ms)[0m  [1m[34mSELECT sqlite_version(*)[0m
  [1m[35m (0.1ms)[0m  [1m[34mSELECT "schema_migrations"."version" FROM "schema_migrations" ORDER BY "schema_migrations"."version" ASC[0m
  [1m[35m (0.0ms)[0m  [1m[34mSELECT sqlite_version(*)[0m
  [1m[35m (0.0ms)[0m  [1m[36mbegin transaction[0m
  [1m[36mDaycare Create (0.4ms)[0m  [1m[32mINSERT INTO "daycares" ("name", "address", "created_at", "updated_at") VALUES (?, ?, ?, ?)[0m  [["name", "Sunny Day Care"], ["address", "100 W 113th St. New York, NY 10026"], ["created_at", "2021-10-05 22:18:56.491604"], ["updated_at", "2021-10-05 22:18:56.491604"]]
  [1m[35m (0.7ms)[0m  [1m[36mcommit transaction[0m
  [1m[35m (0.0ms)[0m  [1m[36mbegin transaction[0m
  [1m[36mDaycare Create (0.4ms)[0m  [1m[32mINSERT INTO "daycares" ("name", "address", "created_at", "updated_at") VALUES (?, ?, ?, ?)[0m  [["name", "Tator Totts Academy"], ["address", "1999 Clark St. Victorville, CA 92392"], ["created_at", "2021-10-05 22:18:56.495514"], ["updated_at", "2021-10-05 22:18:56.495514"]]
  [1m[35m (0.6ms)[0m  [1m[36mcommit transaction[0m
  [1m[35m (0.0ms)[0m  [1m[36mbegin transaction[0m
  [1m[36mToddler Create (0.3ms)[0m  [1m[32mINSERT INTO "toddlers" ("name", "birthday", "emergency_contact", "phone", "allergy", "daycare_id", "created_at", "updated_at") VALUES (?, ?, ?, ?, ?, ?, ?, ?)[0m  [["name", "Mario Lopez"], ["birthday", "2018-11-03"], ["emergency_contact", "Leslie Lopez"], ["phone", 2125557894], ["allergy", "none"], ["daycare_id", 1], ["created_at", "2021-10-05 22:18:56.507126"], ["updated_at", "2021-10-05 22:18:56.507126"]]
  [1m[35m (0.9ms)[0m  [1m[36mcommit transaction[0m
  [1m[35m (0.0ms)[0m  [1m[36mbegin transaction[0m
  [1m[36mToddler Create (0.3ms)[0m  [1m[32mINSERT INTO "toddlers" ("name", "birthday", "emergency_contact", "phone", "allergy", "daycare_id", "created_at", "updated_at") VALUES (?, ?, ?, ?, ?, ?, ?, ?)[0m  [["name", "Raynese Potter"], ["birthday", "2019-05-12"], ["emergency_contact", "Mark Potter"], ["phone", 7185553256], ["allergy", "peanut"], ["daycare_id", 1], ["created_at", "2021-10-05 22:18:56.511182"], ["updated_at", "2021-10-05 22:18:56.511182"]]
  [1m[35m (0.7ms)[0m  [1m[36mcommit transaction[0m
  [1m[35m (0.0ms)[0m  [1m[36mbegin transaction[0m
  [1m[36mToddler Create (0.3ms)[0m  [1m[32mINSERT INTO "toddlers" ("name", "birthday", "emergency_contact", "phone", "allergy", "daycare_id", "created_at", "updated_at") VALUES (?, ?, ?, ?, ?, ?, ?, ?)[0m  [["name", "Tony Giacomo"], ["birthday", "2018-02-03"], ["emergency_contact", "Maria Gandolfini"], ["phone", 2125551469], ["allergy", "none"], ["daycare_id", 1], ["created_at", "2021-10-05 22:18:56.514713"], ["updated_at", "2021-10-05 22:18:56.514713"]]
  [1m[35m (0.7ms)[0m  [1m[36mcommit transaction[0m
  [1m[35m (0.0ms)[0m  [1m[36mbegin transaction[0m
  [1m[36mToddler Create (0.3ms)[0m  [1m[32mINSERT INTO "toddlers" ("name", "birthday", "emergency_contact", "phone", "allergy", "daycare_id", "created_at", "updated_at") VALUES (?, ?, ?, ?, ?, ?, ?, ?)[0m  [["name", "Cynthia Moreno"], ["birthday", "2019-04-19"], ["emergency_contact", "Carla De Miguel"], ["phone", 2125553369], ["allergy", "none"], ["daycare_id", 1], ["created_at", "2021-10-05 22:18:56.518010"], ["updated_at", "2021-10-05 22:18:56.518010"]]
  [1m[35m (0.6ms)[0m  [1m[36mcommit transaction[0m
Started GET "/daycares" for ::1 at 2021-10-05 17:19:02 -0500
Processing by DaycaresController#index as HTML
  [1m[36mDaycare Load (0.2ms)[0m  [1m[34mSELECT "daycares".* FROM "daycares"[0m
  â†³ app/controllers/daycares_controller.rb:8:in `index'
  [1m[36mToddler Load (0.1ms)[0m  [1m[34mSELECT "toddlers".* FROM "toddlers" WHERE "toddlers"."daycare_id" = ?[0m  [["daycare_id", 1]]
  â†³ app/controllers/daycares_controller.rb:8:in `index'
  [1m[36mToddler Load (0.1ms)[0m  [1m[34mSELECT "toddlers".* FROM "toddlers" WHERE "toddlers"."daycare_id" = ?[0m  [["daycare_id", 2]]
  â†³ app/controllers/daycares_controller.rb:8:in `index'
Completed 200 OK in 40ms (Views: 38.3ms | ActiveRecord: 1.8ms | Allocations: 16740)


Started GET "/daycares" for ::1 at 2021-10-05 17:19:18 -0500
Processing by DaycaresController#index as HTML
  [1m[36mDaycare Load (0.2ms)[0m  [1m[34mSELECT "daycares".* FROM "daycares"[0m
  â†³ app/controllers/daycares_controller.rb:8:in `index'
  [1m[36mToddler Load (0.2ms)[0m  [1m[34mSELECT "toddlers".* FROM "toddlers" WHERE "toddlers"."daycare_id" = ?[0m  [["daycare_id", 1]]
  â†³ app/controllers/daycares_controller.rb:8:in `index'
  [1m[36mToddler Load (0.2ms)[0m  [1m[34mSELECT "toddlers".* FROM "toddlers" WHERE "toddlers"."daycare_id" = ?[0m  [["daycare_id", 2]]
  â†³ app/controllers/daycares_controller.rb:8:in `index'
Completed 200 OK in 8ms (Views: 6.4ms | ActiveRecord: 0.6ms | Allocations: 3701)


  [1m[35m (0.4ms)[0m  [1m[34mSELECT sqlite_version(*)[0m
  [1m[35m (0.1ms)[0m  [1m[36mbegin transaction[0m
  [1m[36mToddler Create (0.7ms)[0m  [1m[32mINSERT INTO "toddlers" ("name", "birthday", "emergency_contact", "phone", "allergy", "daycare_id", "created_at", "updated_at") VALUES (?, ?, ?, ?, ?, ?, ?, ?)[0m  [["name", "Cynthia Gomez"], ["birthday", "2019-04-19"], ["emergency_contact", "Carla De Miguel"], ["phone", 2125553369], ["allergy", "none"], ["daycare_id", 1], ["created_at", "2021-10-05 22:26:15.358639"], ["updated_at", "2021-10-05 22:26:15.358639"]]
  [1m[35m (1.1ms)[0m  [1m[36mcommit transaction[0m
  [1m[36mToddler Load (0.3ms)[0m  [1m[34mSELECT "toddlers".* FROM "toddlers"[0m
  [1m[36mToddler Load (0.3ms)[0m  [1m[34mSELECT "toddlers".* FROM "toddlers" ORDER BY "toddlers"."id" DESC LIMIT ?[0m  [["LIMIT", 1]]
  [1m[36mToddler Load (0.2ms)[0m  [1m[34mSELECT "toddlers".* FROM "toddlers" ORDER BY "toddlers"."id" DESC LIMIT ?[0m  [["LIMIT", 1]]
  [1m[36mToddler Destroy (1.7ms)[0m  [1m[31mDELETE FROM "toddlers" WHERE "toddlers"."id" = ?[0m  [["id", 5]]
  [1m[36mToddler Load (0.3ms)[0m  [1m[34mSELECT "toddlers".* FROM "toddlers"[0m
Started GET "/daycares" for ::1 at 2021-10-05 17:33:40 -0500
  [1m[35m (0.8ms)[0m  [1m[34mSELECT sqlite_version(*)[0m
  [1m[35m (0.5ms)[0m  [1m[34mSELECT "schema_migrations"."version" FROM "schema_migrations" ORDER BY "schema_migrations"."version" ASC[0m
Processing by DaycaresController#index as HTML
  [1m[36mDaycare Load (0.8ms)[0m  [1m[34mSELECT "daycares".* FROM "daycares"[0m
  â†³ app/controllers/daycares_controller.rb:8:in `index'
  [1m[36mToddler Load (0.8ms)[0m  [1m[34mSELECT "toddlers".* FROM "toddlers" WHERE "toddlers"."daycare_id" = ?[0m  [["daycare_id", 1]]
  â†³ app/controllers/daycares_controller.rb:8:in `index'
  [1m[36mToddler Load (0.1ms)[0m  [1m[34mSELECT "toddlers".* FROM "toddlers" WHERE "toddlers"."daycare_id" = ?[0m  [["daycare_id", 2]]
  â†³ app/controllers/daycares_controller.rb:8:in `index'
Completed 200 OK in 72ms (Views: 57.8ms | ActiveRecord: 4.5ms | Allocations: 16835)


Started GET "/daycares/1/toddlers" for ::1 at 2021-10-05 18:04:03 -0500
  [1m[35m (0.1ms)[0m  [1m[34mSELECT sqlite_version(*)[0m
  
ActionController::RoutingError (No route matches [GET] "/daycares/1/toddlers"):
  
actionpack (6.0.4.1) lib/action_dispatch/middleware/debug_exceptions.rb:36:in `call'
actionpack (6.0.4.1) lib/action_dispatch/middleware/show_exceptions.rb:33:in `call'
railties (6.0.4.1) lib/rails/rack/logger.rb:37:in `call_app'
railties (6.0.4.1) lib/rails/rack/logger.rb:26:in `block in call'
activesupport (6.0.4.1) lib/active_support/tagged_logging.rb:80:in `block in tagged'
activesupport (6.0.4.1) lib/active_support/tagged_logging.rb:28:in `tagged'
activesupport (6.0.4.1) lib/active_support/tagged_logging.rb:80:in `tagged'
railties (6.0.4.1) lib/rails/rack/logger.rb:26:in `call'
actionpack (6.0.4.1) lib/action_dispatch/middleware/remote_ip.rb:81:in `call'
actionpack (6.0.4.1) lib/action_dispatch/middleware/request_id.rb:27:in `call'
rack (2.2.3) lib/rack/runtime.rb:22:in `call'
activesupport (6.0.4.1) lib/active_support/cache/strategy/local_cache_middleware.rb:29:in `call'
actionpack (6.0.4.1) lib/action_dispatch/middleware/executor.rb:14:in `call'
actionpack (6.0.4.1) lib/action_dispatch/middleware/static.rb:126:in `call'
rack (2.2.3) lib/rack/sendfile.rb:110:in `call'
actionpack (6.0.4.1) lib/action_dispatch/middleware/host_authorization.rb:82:in `call'
rack-cors (1.1.1) lib/rack/cors.rb:100:in `call'
railties (6.0.4.1) lib/rails/engine.rb:527:in `call'
puma (4.3.8) lib/puma/configuration.rb:228:in `call'
puma (4.3.8) lib/puma/server.rb:718:in `handle_request'
puma (4.3.8) lib/puma/server.rb:472:in `process_client'
puma (4.3.8) lib/puma/server.rb:328:in `block in run'
puma (4.3.8) lib/puma/thread_pool.rb:134:in `block in spawn_thread'
Started GET "/daycares" for ::1 at 2021-10-05 18:04:13 -0500
Processing by DaycaresController#index as HTML
  [1m[36mDaycare Load (0.6ms)[0m  [1m[34mSELECT "daycares".* FROM "daycares"[0m
  â†³ app/controllers/daycares_controller.rb:8:in `index'
  [1m[36mToddler Load (0.6ms)[0m  [1m[34mSELECT "toddlers".* FROM "toddlers" WHERE "toddlers"."daycare_id" = ?[0m  [["daycare_id", 1]]
  â†³ app/controllers/daycares_controller.rb:8:in `index'
  [1m[36mToddler Load (0.3ms)[0m  [1m[34mSELECT "toddlers".* FROM "toddlers" WHERE "toddlers"."daycare_id" = ?[0m  [["daycare_id", 2]]
  â†³ app/controllers/daycares_controller.rb:8:in `index'
Completed 200 OK in 10ms (Views: 8.0ms | ActiveRecord: 1.4ms | Allocations: 3795)


Started GET "/toddlers" for ::1 at 2021-10-05 18:04:17 -0500
  
SyntaxError (/Users/ifeoluwaakinremi-wade/Day_care/backend/app/controllers/toddlers_controller.rb:55: syntax error, unexpected end-of-input, expecting end):
  
app/controllers/toddlers_controller.rb:55: syntax error, unexpected end-of-input, expecting end
app/controllers/toddlers_controller.rb:55: syntax error, unexpected end-of-input, expecting end
Started GET "/toddlers" for ::1 at 2021-10-05 18:05:14 -0500
  [1m[35m (1.7ms)[0m  [1m[34mSELECT sqlite_version(*)[0m
  [1m[35m (0.4ms)[0m  [1m[34mSELECT "schema_migrations"."version" FROM "schema_migrations" ORDER BY "schema_migrations"."version" ASC[0m
Processing by ToddlersController#index as HTML
Completed 404 Not Found in 9ms (ActiveRecord: 0.5ms | Allocations: 2054)


  
ActiveRecord::RecordNotFound (Couldn't find Daycare without an ID):
  
app/controllers/toddlers_controller.rb:49:in `set_daycare'
Started GET "/toddlers" for ::1 at 2021-10-05 18:06:36 -0500
  [1m[35m (0.6ms)[0m  [1m[34mSELECT sqlite_version(*)[0m
  [1m[35m (0.6ms)[0m  [1m[34mSELECT "schema_migrations"."version" FROM "schema_migrations" ORDER BY "schema_migrations"."version" ASC[0m
Processing by ToddlersController#index as HTML
  [1m[36mDaycare Load (1.5ms)[0m  [1m[34mSELECT "daycares".* FROM "daycares" LIMIT ?[0m  [["LIMIT", 1]]
  â†³ app/controllers/toddlers_controller.rb:49:in `set_daycare'
  [1m[36mToddler Load (0.4ms)[0m  [1m[34mSELECT "toddlers".* FROM "toddlers"[0m
  â†³ app/controllers/toddlers_controller.rb:9:in `index'
Completed 200 OK in 43ms (Views: 17.5ms | ActiveRecord: 3.2ms | Allocations: 13348)


Started GET "/routes" for ::1 at 2021-10-05 18:06:54 -0500
  
ActionController::RoutingError (No route matches [GET] "/routes"):
  
actionpack (6.0.4.1) lib/action_dispatch/middleware/debug_exceptions.rb:36:in `call'
actionpack (6.0.4.1) lib/action_dispatch/middleware/show_exceptions.rb:33:in `call'
railties (6.0.4.1) lib/rails/rack/logger.rb:37:in `call_app'
railties (6.0.4.1) lib/rails/rack/logger.rb:26:in `block in call'
activesupport (6.0.4.1) lib/active_support/tagged_logging.rb:80:in `block in tagged'
activesupport (6.0.4.1) lib/active_support/tagged_logging.rb:28:in `tagged'
activesupport (6.0.4.1) lib/active_support/tagged_logging.rb:80:in `tagged'
railties (6.0.4.1) lib/rails/rack/logger.rb:26:in `call'
actionpack (6.0.4.1) lib/action_dispatch/middleware/remote_ip.rb:81:in `call'
actionpack (6.0.4.1) lib/action_dispatch/middleware/request_id.rb:27:in `call'
rack (2.2.3) lib/rack/runtime.rb:22:in `call'
activesupport (6.0.4.1) lib/active_support/cache/strategy/local_cache_middleware.rb:29:in `call'
actionpack (6.0.4.1) lib/action_dispatch/middleware/executor.rb:14:in `call'
actionpack (6.0.4.1) lib/action_dispatch/middleware/static.rb:126:in `call'
rack (2.2.3) lib/rack/sendfile.rb:110:in `call'
actionpack (6.0.4.1) lib/action_dispatch/middleware/host_authorization.rb:82:in `call'
rack-cors (1.1.1) lib/rack/cors.rb:100:in `call'
railties (6.0.4.1) lib/rails/engine.rb:527:in `call'
puma (4.3.8) lib/puma/configuration.rb:228:in `call'
puma (4.3.8) lib/puma/server.rb:718:in `handle_request'
puma (4.3.8) lib/puma/server.rb:472:in `process_client'
puma (4.3.8) lib/puma/server.rb:328:in `block in run'
puma (4.3.8) lib/puma/thread_pool.rb:134:in `block in spawn_thread'
Started GET "/routes" for ::1 at 2021-10-05 18:07:41 -0500
  
ActionController::RoutingError (No route matches [GET] "/routes"):
  
actionpack (6.0.4.1) lib/action_dispatch/middleware/debug_exceptions.rb:36:in `call'
actionpack (6.0.4.1) lib/action_dispatch/middleware/show_exceptions.rb:33:in `call'
railties (6.0.4.1) lib/rails/rack/logger.rb:37:in `call_app'
railties (6.0.4.1) lib/rails/rack/logger.rb:26:in `block in call'
activesupport (6.0.4.1) lib/active_support/tagged_logging.rb:80:in `block in tagged'
activesupport (6.0.4.1) lib/active_support/tagged_logging.rb:28:in `tagged'
activesupport (6.0.4.1) lib/active_support/tagged_logging.rb:80:in `tagged'
railties (6.0.4.1) lib/rails/rack/logger.rb:26:in `call'
actionpack (6.0.4.1) lib/action_dispatch/middleware/remote_ip.rb:81:in `call'
actionpack (6.0.4.1) lib/action_dispatch/middleware/request_id.rb:27:in `call'
rack (2.2.3) lib/rack/runtime.rb:22:in `call'
activesupport (6.0.4.1) lib/active_support/cache/strategy/local_cache_middleware.rb:29:in `call'
actionpack (6.0.4.1) lib/action_dispatch/middleware/executor.rb:14:in `call'
actionpack (6.0.4.1) lib/action_dispatch/middleware/static.rb:126:in `call'
rack (2.2.3) lib/rack/sendfile.rb:110:in `call'
actionpack (6.0.4.1) lib/action_dispatch/middleware/host_authorization.rb:82:in `call'
rack-cors (1.1.1) lib/rack/cors.rb:100:in `call'
railties (6.0.4.1) lib/rails/engine.rb:527:in `call'
puma (4.3.8) lib/puma/configuration.rb:228:in `call'
puma (4.3.8) lib/puma/server.rb:718:in `handle_request'
puma (4.3.8) lib/puma/server.rb:472:in `process_client'
puma (4.3.8) lib/puma/server.rb:328:in `block in run'
puma (4.3.8) lib/puma/thread_pool.rb:134:in `block in spawn_thread'
Started GET "/children" for ::1 at 2021-10-05 18:08:10 -0500
  
ActionController::RoutingError (No route matches [GET] "/children"):
  
actionpack (6.0.4.1) lib/action_dispatch/middleware/debug_exceptions.rb:36:in `call'
actionpack (6.0.4.1) lib/action_dispatch/middleware/show_exceptions.rb:33:in `call'
railties (6.0.4.1) lib/rails/rack/logger.rb:37:in `call_app'
railties (6.0.4.1) lib/rails/rack/logger.rb:26:in `block in call'
activesupport (6.0.4.1) lib/active_support/tagged_logging.rb:80:in `block in tagged'
activesupport (6.0.4.1) lib/active_support/tagged_logging.rb:28:in `tagged'
activesupport (6.0.4.1) lib/active_support/tagged_logging.rb:80:in `tagged'
railties (6.0.4.1) lib/rails/rack/logger.rb:26:in `call'
actionpack (6.0.4.1) lib/action_dispatch/middleware/remote_ip.rb:81:in `call'
actionpack (6.0.4.1) lib/action_dispatch/middleware/request_id.rb:27:in `call'
rack (2.2.3) lib/rack/runtime.rb:22:in `call'
activesupport (6.0.4.1) lib/active_support/cache/strategy/local_cache_middleware.rb:29:in `call'
actionpack (6.0.4.1) lib/action_dispatch/middleware/executor.rb:14:in `call'
actionpack (6.0.4.1) lib/action_dispatch/middleware/static.rb:126:in `call'
rack (2.2.3) lib/rack/sendfile.rb:110:in `call'
actionpack (6.0.4.1) lib/action_dispatch/middleware/host_authorization.rb:82:in `call'
rack-cors (1.1.1) lib/rack/cors.rb:100:in `call'
railties (6.0.4.1) lib/rails/engine.rb:527:in `call'
puma (4.3.8) lib/puma/configuration.rb:228:in `call'
puma (4.3.8) lib/puma/server.rb:718:in `handle_request'
puma (4.3.8) lib/puma/server.rb:472:in `process_client'
puma (4.3.8) lib/puma/server.rb:328:in `block in run'
puma (4.3.8) lib/puma/thread_pool.rb:134:in `block in spawn_thread'
Started GET "/daycares/1/toddlers" for ::1 at 2021-10-05 18:08:45 -0500
  
ActionController::RoutingError (No route matches [GET] "/daycares/1/toddlers"):
  
actionpack (6.0.4.1) lib/action_dispatch/middleware/debug_exceptions.rb:36:in `call'
actionpack (6.0.4.1) lib/action_dispatch/middleware/show_exceptions.rb:33:in `call'
railties (6.0.4.1) lib/rails/rack/logger.rb:37:in `call_app'
railties (6.0.4.1) lib/rails/rack/logger.rb:26:in `block in call'
activesupport (6.0.4.1) lib/active_support/tagged_logging.rb:80:in `block in tagged'
activesupport (6.0.4.1) lib/active_support/tagged_logging.rb:28:in `tagged'
activesupport (6.0.4.1) lib/active_support/tagged_logging.rb:80:in `tagged'
railties (6.0.4.1) lib/rails/rack/logger.rb:26:in `call'
actionpack (6.0.4.1) lib/action_dispatch/middleware/remote_ip.rb:81:in `call'
actionpack (6.0.4.1) lib/action_dispatch/middleware/request_id.rb:27:in `call'
rack (2.2.3) lib/rack/runtime.rb:22:in `call'
activesupport (6.0.4.1) lib/active_support/cache/strategy/local_cache_middleware.rb:29:in `call'
actionpack (6.0.4.1) lib/action_dispatch/middleware/executor.rb:14:in `call'
actionpack (6.0.4.1) lib/action_dispatch/middleware/static.rb:126:in `call'
rack (2.2.3) lib/rack/sendfile.rb:110:in `call'
actionpack (6.0.4.1) lib/action_dispatch/middleware/host_authorization.rb:82:in `call'
rack-cors (1.1.1) lib/rack/cors.rb:100:in `call'
railties (6.0.4.1) lib/rails/engine.rb:527:in `call'
puma (4.3.8) lib/puma/configuration.rb:228:in `call'
puma (4.3.8) lib/puma/server.rb:718:in `handle_request'
puma (4.3.8) lib/puma/server.rb:472:in `process_client'
puma (4.3.8) lib/puma/server.rb:328:in `block in run'
puma (4.3.8) lib/puma/thread_pool.rb:134:in `block in spawn_thread'
Started GET "/daycares/1/toddlers" for ::1 at 2021-10-05 18:10:40 -0500
  [1m[35m (1.3ms)[0m  [1m[34mSELECT sqlite_version(*)[0m
  [1m[35m (0.7ms)[0m  [1m[34mSELECT "schema_migrations"."version" FROM "schema_migrations" ORDER BY "schema_migrations"."version" ASC[0m
Processing by ToddlersController#index as HTML
  Parameters: {"daycare_id"=>"1"}
  [1m[36mDaycare Load (0.5ms)[0m  [1m[34mSELECT "daycares".* FROM "daycares" WHERE (1) LIMIT ?[0m  [["LIMIT", 1]]
  â†³ app/controllers/toddlers_controller.rb:49:in `set_daycare'
  [1m[36mToddler Load (1.0ms)[0m  [1m[34mSELECT "toddlers".* FROM "toddlers"[0m
  â†³ app/controllers/toddlers_controller.rb:9:in `index'
Completed 200 OK in 30ms (Views: 10.9ms | ActiveRecord: 2.8ms | Allocations: 13388)


Started GET "/toddlers" for ::1 at 2021-10-05 18:10:53 -0500
  
ActionController::RoutingError (No route matches [GET] "/toddlers"):
  
actionpack (6.0.4.1) lib/action_dispatch/middleware/debug_exceptions.rb:36:in `call'
actionpack (6.0.4.1) lib/action_dispatch/middleware/show_exceptions.rb:33:in `call'
railties (6.0.4.1) lib/rails/rack/logger.rb:37:in `call_app'
railties (6.0.4.1) lib/rails/rack/logger.rb:26:in `block in call'
activesupport (6.0.4.1) lib/active_support/tagged_logging.rb:80:in `block in tagged'
activesupport (6.0.4.1) lib/active_support/tagged_logging.rb:28:in `tagged'
activesupport (6.0.4.1) lib/active_support/tagged_logging.rb:80:in `tagged'
railties (6.0.4.1) lib/rails/rack/logger.rb:26:in `call'
actionpack (6.0.4.1) lib/action_dispatch/middleware/remote_ip.rb:81:in `call'
actionpack (6.0.4.1) lib/action_dispatch/middleware/request_id.rb:27:in `call'
rack (2.2.3) lib/rack/runtime.rb:22:in `call'
activesupport (6.0.4.1) lib/active_support/cache/strategy/local_cache_middleware.rb:29:in `call'
actionpack (6.0.4.1) lib/action_dispatch/middleware/executor.rb:14:in `call'
actionpack (6.0.4.1) lib/action_dispatch/middleware/static.rb:126:in `call'
rack (2.2.3) lib/rack/sendfile.rb:110:in `call'
actionpack (6.0.4.1) lib/action_dispatch/middleware/host_authorization.rb:82:in `call'
rack-cors (1.1.1) lib/rack/cors.rb:100:in `call'
railties (6.0.4.1) lib/rails/engine.rb:527:in `call'
puma (4.3.8) lib/puma/configuration.rb:228:in `call'
puma (4.3.8) lib/puma/server.rb:718:in `handle_request'
puma (4.3.8) lib/puma/server.rb:472:in `process_client'
puma (4.3.8) lib/puma/server.rb:328:in `block in run'
puma (4.3.8) lib/puma/thread_pool.rb:134:in `block in spawn_thread'
Started GET "/daycares/1/toddlers" for ::1 at 2021-10-05 18:11:56 -0500
Processing by ToddlersController#index as HTML
  Parameters: {"daycare_id"=>"1"}
  [1m[36mDaycare Load (0.3ms)[0m  [1m[34mSELECT "daycares".* FROM "daycares" WHERE (1) LIMIT ?[0m  [["LIMIT", 1]]
  â†³ app/controllers/toddlers_controller.rb:49:in `set_daycare'
  [1m[36mToddler Load (0.2ms)[0m  [1m[34mSELECT "toddlers".* FROM "toddlers"[0m
  â†³ app/controllers/toddlers_controller.rb:9:in `index'
Completed 200 OK in 6ms (Views: 3.3ms | ActiveRecord: 0.5ms | Allocations: 2300)


Started GET "/ROUTES" for ::1 at 2021-10-05 18:15:57 -0500
  
ActionController::RoutingError (No route matches [GET] "/ROUTES"):
  
actionpack (6.0.4.1) lib/action_dispatch/middleware/debug_exceptions.rb:36:in `call'
actionpack (6.0.4.1) lib/action_dispatch/middleware/show_exceptions.rb:33:in `call'
railties (6.0.4.1) lib/rails/rack/logger.rb:37:in `call_app'
railties (6.0.4.1) lib/rails/rack/logger.rb:26:in `block in call'
activesupport (6.0.4.1) lib/active_support/tagged_logging.rb:80:in `block in tagged'
activesupport (6.0.4.1) lib/active_support/tagged_logging.rb:28:in `tagged'
activesupport (6.0.4.1) lib/active_support/tagged_logging.rb:80:in `tagged'
railties (6.0.4.1) lib/rails/rack/logger.rb:26:in `call'
actionpack (6.0.4.1) lib/action_dispatch/middleware/remote_ip.rb:81:in `call'
actionpack (6.0.4.1) lib/action_dispatch/middleware/request_id.rb:27:in `call'
rack (2.2.3) lib/rack/runtime.rb:22:in `call'
activesupport (6.0.4.1) lib/active_support/cache/strategy/local_cache_middleware.rb:29:in `call'
actionpack (6.0.4.1) lib/action_dispatch/middleware/executor.rb:14:in `call'
actionpack (6.0.4.1) lib/action_dispatch/middleware/static.rb:126:in `call'
rack (2.2.3) lib/rack/sendfile.rb:110:in `call'
actionpack (6.0.4.1) lib/action_dispatch/middleware/host_authorization.rb:82:in `call'
rack-cors (1.1.1) lib/rack/cors.rb:100:in `call'
railties (6.0.4.1) lib/rails/engine.rb:527:in `call'
puma (4.3.8) lib/puma/configuration.rb:228:in `call'
puma (4.3.8) lib/puma/server.rb:718:in `handle_request'
puma (4.3.8) lib/puma/server.rb:472:in `process_client'
puma (4.3.8) lib/puma/server.rb:328:in `block in run'
puma (4.3.8) lib/puma/thread_pool.rb:134:in `block in spawn_thread'
Started GET "/daycares/undefined/toddlers" for ::1 at 2021-10-05 18:47:11 -0500
Started GET "/daycares" for ::1 at 2021-10-05 18:47:11 -0500
  [1m[35m (0.1ms)[0m  [1m[34mSELECT sqlite_version(*)[0m
  [1m[35m (0.1ms)[0m  [1m[34mSELECT sqlite_version(*)[0m
Processing by ToddlersController#index as */*
  Parameters: {"daycare_id"=>"undefined"}
  [1m[36mDaycare Load (0.6ms)[0m  [1m[34mSELECT "daycares".* FROM "daycares" WHERE (undefined) LIMIT ?[0m  [["LIMIT", 1]]
  â†³ app/controllers/toddlers_controller.rb:49:in `set_daycare'
Completed 500 Internal Server Error in 4ms (ActiveRecord: 0.6ms | Allocations: 791)


  
ActiveRecord::StatementInvalid (SQLite3::SQLException: no such column: undefined):
  
app/controllers/toddlers_controller.rb:49:in `set_daycare'
Processing by DaycaresController#index as */*
  [1m[36mDaycare Load (0.7ms)[0m  [1m[34mSELECT "daycares".* FROM "daycares"[0m
  â†³ app/controllers/daycares_controller.rb:8:in `index'
  [1m[36mToddler Load (0.4ms)[0m  [1m[34mSELECT "toddlers".* FROM "toddlers" WHERE "toddlers"."daycare_id" = ?[0m  [["daycare_id", 1]]
  â†³ app/controllers/daycares_controller.rb:8:in `index'
  [1m[36mToddler Load (0.1ms)[0m  [1m[34mSELECT "toddlers".* FROM "toddlers" WHERE "toddlers"."daycare_id" = ?[0m  [["daycare_id", 2]]
  â†³ app/controllers/daycares_controller.rb:8:in `index'
Completed 200 OK in 19ms (Views: 16.4ms | ActiveRecord: 1.2ms | Allocations: 5790)


Started GET "/daycares" for ::1 at 2021-10-05 18:47:13 -0500
Started GET "/daycares/undefined/toddlers" for ::1 at 2021-10-05 18:47:13 -0500
Processing by ToddlersController#index as */*
  Parameters: {"daycare_id"=>"undefined"}
  [1m[36mDaycare Load (0.3ms)[0m  [1m[34mSELECT "daycares".* FROM "daycares" WHERE (undefined) LIMIT ?[0m  [["LIMIT", 1]]
Processing by DaycaresController#index as */*
  [1m[36mDaycare Load (0.2ms)[0m  [1m[34mSELECT "daycares".* FROM "daycares"[0m
  â†³ app/controllers/toddlers_controller.rb:49:in `set_daycare'
  â†³ app/controllers/daycares_controller.rb:8:in `index'
Completed 500 Internal Server Error in 3ms (ActiveRecord: 0.3ms | Allocations: 1274)


  
ActiveRecord::StatementInvalid (SQLite3::SQLException: no such column: undefined):
  
app/controllers/toddlers_controller.rb:49:in `set_daycare'
  [1m[36mToddler Load (0.2ms)[0m  [1m[34mSELECT "toddlers".* FROM "toddlers" WHERE "toddlers"."daycare_id" = ?[0m  [["daycare_id", 1]]
  â†³ app/controllers/daycares_controller.rb:8:in `index'
  [1m[36mToddler Load (0.1ms)[0m  [1m[34mSELECT "toddlers".* FROM "toddlers" WHERE "toddlers"."daycare_id" = ?[0m  [["daycare_id", 2]]
  â†³ app/controllers/daycares_controller.rb:8:in `index'
Completed 200 OK in 79ms (Views: 77.8ms | ActiveRecord: 0.5ms | Allocations: 73694)


Started GET "/daycares/undefined/toddlers" for ::1 at 2021-10-05 19:04:55 -0500
Started GET "/daycares" for ::1 at 2021-10-05 19:04:55 -0500
  [1m[35m (0.1ms)[0m  [1m[34mSELECT sqlite_version(*)[0m
Processing by ToddlersController#index as */*
  Parameters: {"daycare_id"=>"undefined"}
  [1m[35m (0.1ms)[0m  [1m[34mSELECT sqlite_version(*)[0m
Processing by DaycaresController#index as */*
  [1m[36mDaycare Load (0.4ms)[0m  [1m[34mSELECT "daycares".* FROM "daycares" WHERE (undefined) LIMIT ?[0m  [["LIMIT", 1]]
  â†³ app/controllers/toddlers_controller.rb:49:in `set_daycare'
Completed 500 Internal Server Error in 5ms (ActiveRecord: 0.4ms | Allocations: 1834)


  
ActiveRecord::StatementInvalid (SQLite3::SQLException: no such column: undefined):
  
app/controllers/toddlers_controller.rb:49:in `set_daycare'
  [1m[36mDaycare Load (9.4ms)[0m  [1m[34mSELECT "daycares".* FROM "daycares"[0m
  â†³ app/controllers/daycares_controller.rb:8:in `index'
  [1m[36mToddler Load (33.6ms)[0m  [1m[34mSELECT "toddlers".* FROM "toddlers" WHERE "toddlers"."daycare_id" = ?[0m  [["daycare_id", 1]]
  â†³ app/controllers/daycares_controller.rb:8:in `index'
  [1m[36mToddler Load (0.1ms)[0m  [1m[34mSELECT "toddlers".* FROM "toddlers" WHERE "toddlers"."daycare_id" = ?[0m  [["daycare_id", 2]]
  â†³ app/controllers/daycares_controller.rb:8:in `index'
Completed 200 OK in 49ms (Views: 5.6ms | ActiveRecord: 43.1ms | Allocations: 73945)


Started GET "/daycares" for ::1 at 2021-10-05 19:11:17 -0500
Started GET "/daycares/undefined/toddlers" for ::1 at 2021-10-05 19:11:17 -0500
  [1m[35m (0.0ms)[0m  [1m[34mSELECT sqlite_version(*)[0m
  [1m[35m (0.1ms)[0m  [1m[34mSELECT sqlite_version(*)[0m
Processing by DaycaresController#index as */*
  [1m[36mDaycare Load (0.4ms)[0m  [1m[34mSELECT "daycares".* FROM "daycares"[0m
Processing by ToddlersController#index as */*
  Parameters: {"daycare_id"=>"undefined"}
  [1m[36mDaycare Load (0.2ms)[0m  [1m[34mSELECT "daycares".* FROM "daycares" WHERE (undefined) LIMIT ?[0m  [["LIMIT", 1]]
  â†³ app/controllers/daycares_controller.rb:8:in `index'
  [1m[36mToddler Load (0.4ms)[0m  [1m[34mSELECT "toddlers".* FROM "toddlers" WHERE "toddlers"."daycare_id" = ?[0m  [["daycare_id", 1]]
  â†³ app/controllers/daycares_controller.rb:8:in `index'
  â†³ app/controllers/toddlers_controller.rb:49:in `set_daycare'
Completed 500 Internal Server Error in 4ms (ActiveRecord: 0.2ms | Allocations: 2063)


  [1m[36mToddler Load (0.1ms)[0m  [1m[34mSELECT "toddlers".* FROM "toddlers" WHERE "toddlers"."daycare_id" = ?[0m  [["daycare_id", 2]]
  â†³ app/controllers/daycares_controller.rb:8:in `index'
  
ActiveRecord::StatementInvalid (SQLite3::SQLException: no such column: undefined):
  
app/controllers/toddlers_controller.rb:49:in `set_daycare'
Completed 200 OK in 18ms (Views: 8.4ms | ActiveRecord: 1.0ms | Allocations: 5516)


Started GET "/languages" for ::1 at 2021-10-05 19:21:50 -0500
  [1m[35m (0.1ms)[0m  [1m[34mSELECT sqlite_version(*)[0m
  
ActionController::RoutingError (No route matches [GET] "/languages"):
  
actionpack (6.0.4.1) lib/action_dispatch/middleware/debug_exceptions.rb:36:in `call'
actionpack (6.0.4.1) lib/action_dispatch/middleware/show_exceptions.rb:33:in `call'
railties (6.0.4.1) lib/rails/rack/logger.rb:37:in `call_app'
railties (6.0.4.1) lib/rails/rack/logger.rb:26:in `block in call'
activesupport (6.0.4.1) lib/active_support/tagged_logging.rb:80:in `block in tagged'
activesupport (6.0.4.1) lib/active_support/tagged_logging.rb:28:in `tagged'
activesupport (6.0.4.1) lib/active_support/tagged_logging.rb:80:in `tagged'
railties (6.0.4.1) lib/rails/rack/logger.rb:26:in `call'
actionpack (6.0.4.1) lib/action_dispatch/middleware/remote_ip.rb:81:in `call'
actionpack (6.0.4.1) lib/action_dispatch/middleware/request_id.rb:27:in `call'
rack (2.2.3) lib/rack/runtime.rb:22:in `call'
activesupport (6.0.4.1) lib/active_support/cache/strategy/local_cache_middleware.rb:29:in `call'
actionpack (6.0.4.1) lib/action_dispatch/middleware/executor.rb:14:in `call'
actionpack (6.0.4.1) lib/action_dispatch/middleware/static.rb:126:in `call'
rack (2.2.3) lib/rack/sendfile.rb:110:in `call'
actionpack (6.0.4.1) lib/action_dispatch/middleware/host_authorization.rb:82:in `call'
rack-cors (1.1.1) lib/rack/cors.rb:100:in `call'
railties (6.0.4.1) lib/rails/engine.rb:527:in `call'
puma (4.3.8) lib/puma/configuration.rb:228:in `call'
puma (4.3.8) lib/puma/server.rb:718:in `handle_request'
puma (4.3.8) lib/puma/server.rb:472:in `process_client'
puma (4.3.8) lib/puma/server.rb:328:in `block in run'
puma (4.3.8) lib/puma/thread_pool.rb:134:in `block in spawn_thread'
Started GET "/languages" for ::1 at 2021-10-05 19:22:21 -0500
  
ActionController::RoutingError (No route matches [GET] "/languages"):
  
actionpack (6.0.4.1) lib/action_dispatch/middleware/debug_exceptions.rb:36:in `call'
actionpack (6.0.4.1) lib/action_dispatch/middleware/show_exceptions.rb:33:in `call'
railties (6.0.4.1) lib/rails/rack/logger.rb:37:in `call_app'
railties (6.0.4.1) lib/rails/rack/logger.rb:26:in `block in call'
activesupport (6.0.4.1) lib/active_support/tagged_logging.rb:80:in `block in tagged'
activesupport (6.0.4.1) lib/active_support/tagged_logging.rb:28:in `tagged'
activesupport (6.0.4.1) lib/active_support/tagged_logging.rb:80:in `tagged'
railties (6.0.4.1) lib/rails/rack/logger.rb:26:in `call'
actionpack (6.0.4.1) lib/action_dispatch/middleware/remote_ip.rb:81:in `call'
actionpack (6.0.4.1) lib/action_dispatch/middleware/request_id.rb:27:in `call'
rack (2.2.3) lib/rack/runtime.rb:22:in `call'
activesupport (6.0.4.1) lib/active_support/cache/strategy/local_cache_middleware.rb:29:in `call'
actionpack (6.0.4.1) lib/action_dispatch/middleware/executor.rb:14:in `call'
actionpack (6.0.4.1) lib/action_dispatch/middleware/static.rb:126:in `call'
rack (2.2.3) lib/rack/sendfile.rb:110:in `call'
actionpack (6.0.4.1) lib/action_dispatch/middleware/host_authorization.rb:82:in `call'
rack-cors (1.1.1) lib/rack/cors.rb:100:in `call'
railties (6.0.4.1) lib/rails/engine.rb:527:in `call'
puma (4.3.8) lib/puma/configuration.rb:228:in `call'
puma (4.3.8) lib/puma/server.rb:718:in `handle_request'
puma (4.3.8) lib/puma/server.rb:472:in `process_client'
puma (4.3.8) lib/puma/server.rb:328:in `block in run'
puma (4.3.8) lib/puma/thread_pool.rb:134:in `block in spawn_thread'
Started GET "/languages" for ::1 at 2021-10-05 19:22:34 -0500
  
ActionController::RoutingError (No route matches [GET] "/languages"):
  
actionpack (6.0.4.1) lib/action_dispatch/middleware/debug_exceptions.rb:36:in `call'
actionpack (6.0.4.1) lib/action_dispatch/middleware/show_exceptions.rb:33:in `call'
railties (6.0.4.1) lib/rails/rack/logger.rb:37:in `call_app'
railties (6.0.4.1) lib/rails/rack/logger.rb:26:in `block in call'
activesupport (6.0.4.1) lib/active_support/tagged_logging.rb:80:in `block in tagged'
activesupport (6.0.4.1) lib/active_support/tagged_logging.rb:28:in `tagged'
activesupport (6.0.4.1) lib/active_support/tagged_logging.rb:80:in `tagged'
railties (6.0.4.1) lib/rails/rack/logger.rb:26:in `call'
actionpack (6.0.4.1) lib/action_dispatch/middleware/remote_ip.rb:81:in `call'
actionpack (6.0.4.1) lib/action_dispatch/middleware/request_id.rb:27:in `call'
rack (2.2.3) lib/rack/runtime.rb:22:in `call'
activesupport (6.0.4.1) lib/active_support/cache/strategy/local_cache_middleware.rb:29:in `call'
actionpack (6.0.4.1) lib/action_dispatch/middleware/executor.rb:14:in `call'
actionpack (6.0.4.1) lib/action_dispatch/middleware/static.rb:126:in `call'
rack (2.2.3) lib/rack/sendfile.rb:110:in `call'
actionpack (6.0.4.1) lib/action_dispatch/middleware/host_authorization.rb:82:in `call'
rack-cors (1.1.1) lib/rack/cors.rb:100:in `call'
railties (6.0.4.1) lib/rails/engine.rb:527:in `call'
puma (4.3.8) lib/puma/configuration.rb:228:in `call'
puma (4.3.8) lib/puma/server.rb:718:in `handle_request'
puma (4.3.8) lib/puma/server.rb:472:in `process_client'
puma (4.3.8) lib/puma/server.rb:328:in `block in run'
puma (4.3.8) lib/puma/thread_pool.rb:134:in `block in spawn_thread'
Started GET "/languages" for ::1 at 2021-10-05 19:22:48 -0500
  
ActionController::RoutingError (No route matches [GET] "/languages"):
  
actionpack (6.0.4.1) lib/action_dispatch/middleware/debug_exceptions.rb:36:in `call'
actionpack (6.0.4.1) lib/action_dispatch/middleware/show_exceptions.rb:33:in `call'
railties (6.0.4.1) lib/rails/rack/logger.rb:37:in `call_app'
railties (6.0.4.1) lib/rails/rack/logger.rb:26:in `block in call'
activesupport (6.0.4.1) lib/active_support/tagged_logging.rb:80:in `block in tagged'
activesupport (6.0.4.1) lib/active_support/tagged_logging.rb:28:in `tagged'
activesupport (6.0.4.1) lib/active_support/tagged_logging.rb:80:in `tagged'
railties (6.0.4.1) lib/rails/rack/logger.rb:26:in `call'
actionpack (6.0.4.1) lib/action_dispatch/middleware/remote_ip.rb:81:in `call'
actionpack (6.0.4.1) lib/action_dispatch/middleware/request_id.rb:27:in `call'
rack (2.2.3) lib/rack/runtime.rb:22:in `call'
activesupport (6.0.4.1) lib/active_support/cache/strategy/local_cache_middleware.rb:29:in `call'
actionpack (6.0.4.1) lib/action_dispatch/middleware/executor.rb:14:in `call'
actionpack (6.0.4.1) lib/action_dispatch/middleware/static.rb:126:in `call'
rack (2.2.3) lib/rack/sendfile.rb:110:in `call'
actionpack (6.0.4.1) lib/action_dispatch/middleware/host_authorization.rb:82:in `call'
rack-cors (1.1.1) lib/rack/cors.rb:100:in `call'
railties (6.0.4.1) lib/rails/engine.rb:527:in `call'
puma (4.3.8) lib/puma/configuration.rb:228:in `call'
puma (4.3.8) lib/puma/server.rb:718:in `handle_request'
puma (4.3.8) lib/puma/server.rb:472:in `process_client'
puma (4.3.8) lib/puma/server.rb:328:in `block in run'
puma (4.3.8) lib/puma/thread_pool.rb:134:in `block in spawn_thread'
Started GET "/ROUTES" for ::1 at 2021-10-05 19:25:36 -0500
  
ActionController::RoutingError (No route matches [GET] "/ROUTES"):
  
actionpack (6.0.4.1) lib/action_dispatch/middleware/debug_exceptions.rb:36:in `call'
actionpack (6.0.4.1) lib/action_dispatch/middleware/show_exceptions.rb:33:in `call'
railties (6.0.4.1) lib/rails/rack/logger.rb:37:in `call_app'
railties (6.0.4.1) lib/rails/rack/logger.rb:26:in `block in call'
activesupport (6.0.4.1) lib/active_support/tagged_logging.rb:80:in `block in tagged'
activesupport (6.0.4.1) lib/active_support/tagged_logging.rb:28:in `tagged'
activesupport (6.0.4.1) lib/active_support/tagged_logging.rb:80:in `tagged'
railties (6.0.4.1) lib/rails/rack/logger.rb:26:in `call'
actionpack (6.0.4.1) lib/action_dispatch/middleware/remote_ip.rb:81:in `call'
actionpack (6.0.4.1) lib/action_dispatch/middleware/request_id.rb:27:in `call'
rack (2.2.3) lib/rack/runtime.rb:22:in `call'
activesupport (6.0.4.1) lib/active_support/cache/strategy/local_cache_middleware.rb:29:in `call'
actionpack (6.0.4.1) lib/action_dispatch/middleware/executor.rb:14:in `call'
actionpack (6.0.4.1) lib/action_dispatch/middleware/static.rb:126:in `call'
rack (2.2.3) lib/rack/sendfile.rb:110:in `call'
actionpack (6.0.4.1) lib/action_dispatch/middleware/host_authorization.rb:82:in `call'
rack-cors (1.1.1) lib/rack/cors.rb:100:in `call'
railties (6.0.4.1) lib/rails/engine.rb:527:in `call'
puma (4.3.8) lib/puma/configuration.rb:228:in `call'
puma (4.3.8) lib/puma/server.rb:718:in `handle_request'
puma (4.3.8) lib/puma/server.rb:472:in `process_client'
puma (4.3.8) lib/puma/server.rb:328:in `block in run'
puma (4.3.8) lib/puma/thread_pool.rb:134:in `block in spawn_thread'
Started GET "/daycares" for ::1 at 2021-10-05 19:25:44 -0500
Processing by DaycaresController#index as HTML
  [1m[36mDaycare Load (0.6ms)[0m  [1m[34mSELECT "daycares".* FROM "daycares"[0m
  â†³ app/controllers/daycares_controller.rb:8:in `index'
  [1m[36mToddler Load (0.6ms)[0m  [1m[34mSELECT "toddlers".* FROM "toddlers" WHERE "toddlers"."daycare_id" = ?[0m  [["daycare_id", 1]]
  â†³ app/controllers/daycares_controller.rb:8:in `index'
  [1m[36mToddler Load (0.2ms)[0m  [1m[34mSELECT "toddlers".* FROM "toddlers" WHERE "toddlers"."daycare_id" = ?[0m  [["daycare_id", 2]]
  â†³ app/controllers/daycares_controller.rb:8:in `index'
Completed 200 OK in 10ms (Views: 8.6ms | ActiveRecord: 1.3ms | Allocations: 3726)


Started GET "/daycares" for ::1 at 2021-10-06 10:50:31 -0500
Started GET "/daycares/undefined/toddlers" for ::1 at 2021-10-06 10:50:31 -0500
  [1m[35m (0.4ms)[0m  [1m[34mSELECT sqlite_version(*)[0m
  [1m[35m (0.1ms)[0m  [1m[34mSELECT sqlite_version(*)[0m
Processing by DaycaresController#index as */*
  [1m[36mDaycare Load (0.6ms)[0m  [1m[34mSELECT "daycares".* FROM "daycares"[0m
Processing by ToddlersController#index as */*
  Parameters: {"daycare_id"=>"undefined"}
  [1m[36mDaycare Load (0.8ms)[0m  [1m[34mSELECT "daycares".* FROM "daycares" WHERE (undefined) LIMIT ?[0m  [["LIMIT", 1]]
  â†³ app/controllers/toddlers_controller.rb:49:in `set_daycare'
Completed 500 Internal Server Error in 6ms (ActiveRecord: 0.8ms | Allocations: 1284)


  â†³ app/controllers/daycares_controller.rb:8:in `index'
  
ActiveRecord::StatementInvalid (SQLite3::SQLException: no such column: undefined):
  
app/controllers/toddlers_controller.rb:49:in `set_daycare'
  [1m[36mToddler Load (0.6ms)[0m  [1m[34mSELECT "toddlers".* FROM "toddlers" WHERE "toddlers"."daycare_id" = ?[0m  [["daycare_id", 1]]
  â†³ app/controllers/daycares_controller.rb:8:in `index'
  [1m[36mToddler Load (0.2ms)[0m  [1m[34mSELECT "toddlers".* FROM "toddlers" WHERE "toddlers"."daycare_id" = ?[0m  [["daycare_id", 2]]
  â†³ app/controllers/daycares_controller.rb:8:in `index'
Completed 200 OK in 127ms (Views: 123.7ms | ActiveRecord: 1.3ms | Allocations: 74094)


Started GET "/daycares/undefined/toddlers" for ::1 at 2021-10-06 11:06:20 -0500
Started GET "/daycares" for ::1 at 2021-10-06 11:06:20 -0500
  [1m[35m (0.1ms)[0m  [1m[34mSELECT sqlite_version(*)[0m
  [1m[35m (1.1ms)[0m  [1m[34mSELECT sqlite_version(*)[0m
  [1m[35m (1.7ms)[0m  [1m[34mSELECT "schema_migrations"."version" FROM "schema_migrations" ORDER BY "schema_migrations"."version" ASC[0m
Processing by DaycaresController#index as */*
  [1m[35m (0.1ms)[0m  [1m[34mSELECT "schema_migrations"."version" FROM "schema_migrations" ORDER BY "schema_migrations"."version" ASC[0m
  [1m[36mDaycare Load (0.1ms)[0m  [1m[34mSELECT "daycares".* FROM "daycares"[0m
  â†³ app/controllers/daycares_controller.rb:8:in `index'
Processing by ToddlersController#index as */*
  Parameters: {"daycare_id"=>"undefined"}
  [1m[36mDaycare Load (1.1ms)[0m  [1m[34mSELECT "daycares".* FROM "daycares" WHERE (undefined) LIMIT ?[0m  [["LIMIT", 1]]
  â†³ app/controllers/toddlers_controller.rb:49:in `set_daycare'
Completed 500 Internal Server Error in 3ms (ActiveRecord: 1.1ms | Allocations: 864)


  
ActiveRecord::StatementInvalid (SQLite3::SQLException: no such column: undefined):
  
app/controllers/toddlers_controller.rb:49:in `set_daycare'
  [1m[36mToddler Load (0.2ms)[0m  [1m[34mSELECT "toddlers".* FROM "toddlers" WHERE "toddlers"."daycare_id" = ?[0m  [["daycare_id", 1]]
  â†³ app/controllers/daycares_controller.rb:8:in `index'
  [1m[36mToddler Load (0.1ms)[0m  [1m[34mSELECT "toddlers".* FROM "toddlers" WHERE "toddlers"."daycare_id" = ?[0m  [["daycare_id", 2]]
  â†³ app/controllers/daycares_controller.rb:8:in `index'
Completed 200 OK in 117ms (Views: 109.0ms | ActiveRecord: 1.7ms | Allocations: 89213)


Started GET "/daycares/undefined/toddlers" for ::1 at 2021-10-06 11:06:43 -0500
Started GET "/daycares" for ::1 at 2021-10-06 11:06:43 -0500
  [1m[35m (1.1ms)[0m  [1m[34mSELECT sqlite_version(*)[0m
  [1m[35m (0.2ms)[0m  [1m[34mSELECT "schema_migrations"."version" FROM "schema_migrations" ORDER BY "schema_migrations"."version" ASC[0m
Processing by ToddlersController#index as */*
  [1m[35m (0.1ms)[0m  [1m[34mSELECT sqlite_version(*)[0m
  Parameters: {"daycare_id"=>"undefined"}
  [1m[36mDaycare Load (0.2ms)[0m  [1m[34mSELECT "daycares".* FROM "daycares" WHERE (undefined) LIMIT ?[0m  [["LIMIT", 1]]
Processing by DaycaresController#index as */*
  â†³ app/controllers/toddlers_controller.rb:49:in `set_daycare'
  [1m[36mDaycare Load (0.2ms)[0m  [1m[34mSELECT "daycares".* FROM "daycares"[0m
Completed 500 Internal Server Error in 8ms (ActiveRecord: 0.5ms | Allocations: 3240)


  
ActiveRecord::StatementInvalid (SQLite3::SQLException: no such column: undefined):
  
app/controllers/toddlers_controller.rb:49:in `set_daycare'
  â†³ app/controllers/daycares_controller.rb:8:in `index'
  [1m[36mToddler Load (0.1ms)[0m  [1m[34mSELECT "toddlers".* FROM "toddlers" WHERE "toddlers"."daycare_id" = ?[0m  [["daycare_id", 1]]
  â†³ app/controllers/daycares_controller.rb:8:in `index'
  [1m[36mToddler Load (0.1ms)[0m  [1m[34mSELECT "toddlers".* FROM "toddlers" WHERE "toddlers"."daycare_id" = ?[0m  [["daycare_id", 2]]
  â†³ app/controllers/daycares_controller.rb:8:in `index'
Completed 200 OK in 95ms (Views: 93.0ms | ActiveRecord: 1.4ms | Allocations: 86119)


Started GET "/daycares" for ::1 at 2021-10-06 11:11:12 -0500
Started GET "/daycares/undefined/toddlers" for ::1 at 2021-10-06 11:11:12 -0500
  [1m[35m (0.4ms)[0m  [1m[34mSELECT sqlite_version(*)[0m
  [1m[35m (0.1ms)[0m  [1m[34mSELECT sqlite_version(*)[0m
  [1m[35m (0.1ms)[0m  [1m[34mSELECT "schema_migrations"."version" FROM "schema_migrations" ORDER BY "schema_migrations"."version" ASC[0m
Processing by DaycaresController#index as */*
  [1m[36mDaycare Load (0.1ms)[0m  [1m[34mSELECT "daycares".* FROM "daycares"[0m
  â†³ app/controllers/daycares_controller.rb:8:in `index'
  [1m[36mToddler Load (0.1ms)[0m  [1m[34mSELECT "toddlers".* FROM "toddlers" WHERE "toddlers"."daycare_id" = ?[0m  [["daycare_id", 1]]
  â†³ app/controllers/daycares_controller.rb:8:in `index'
  [1m[36mToddler Load (0.1ms)[0m  [1m[34mSELECT "toddlers".* FROM "toddlers" WHERE "toddlers"."daycare_id" = ?[0m  [["daycare_id", 2]]
Processing by ToddlersController#index as */*
  Parameters: {"daycare_id"=>"undefined"}
  [1m[36mDaycare Load (0.2ms)[0m  [1m[34mSELECT "daycares".* FROM "daycares" WHERE "daycares"."id" = ? LIMIT ?[0m  [["id", nil], ["LIMIT", 1]]
  â†³ app/controllers/toddlers_controller.rb:49:in `set_daycare'
Completed 404 Not Found in 2ms (ActiveRecord: 0.2ms | Allocations: 785)


  
ActiveRecord::RecordNotFound (Couldn't find Daycare with 'id'=undefined):
  
app/controllers/toddlers_controller.rb:49:in `set_daycare'
  â†³ app/controllers/daycares_controller.rb:8:in `index'
Completed 200 OK in 74ms (Views: 67.7ms | ActiveRecord: 1.6ms | Allocations: 24875)


Started GET "/toddlers" for ::1 at 2021-10-06 11:12:03 -0500
  
ActionController::RoutingError (No route matches [GET] "/toddlers"):
  
actionpack (6.0.4.1) lib/action_dispatch/middleware/debug_exceptions.rb:36:in `call'
actionpack (6.0.4.1) lib/action_dispatch/middleware/show_exceptions.rb:33:in `call'
railties (6.0.4.1) lib/rails/rack/logger.rb:37:in `call_app'
railties (6.0.4.1) lib/rails/rack/logger.rb:26:in `block in call'
activesupport (6.0.4.1) lib/active_support/tagged_logging.rb:80:in `block in tagged'
activesupport (6.0.4.1) lib/active_support/tagged_logging.rb:28:in `tagged'
activesupport (6.0.4.1) lib/active_support/tagged_logging.rb:80:in `tagged'
railties (6.0.4.1) lib/rails/rack/logger.rb:26:in `call'
actionpack (6.0.4.1) lib/action_dispatch/middleware/remote_ip.rb:81:in `call'
actionpack (6.0.4.1) lib/action_dispatch/middleware/request_id.rb:27:in `call'
rack (2.2.3) lib/rack/runtime.rb:22:in `call'
activesupport (6.0.4.1) lib/active_support/cache/strategy/local_cache_middleware.rb:29:in `call'
actionpack (6.0.4.1) lib/action_dispatch/middleware/executor.rb:14:in `call'
actionpack (6.0.4.1) lib/action_dispatch/middleware/static.rb:126:in `call'
rack (2.2.3) lib/rack/sendfile.rb:110:in `call'
actionpack (6.0.4.1) lib/action_dispatch/middleware/host_authorization.rb:82:in `call'
rack-cors (1.1.1) lib/rack/cors.rb:100:in `call'
railties (6.0.4.1) lib/rails/engine.rb:527:in `call'
puma (4.3.8) lib/puma/configuration.rb:228:in `call'
puma (4.3.8) lib/puma/server.rb:718:in `handle_request'
puma (4.3.8) lib/puma/server.rb:472:in `process_client'
puma (4.3.8) lib/puma/server.rb:328:in `block in run'
puma (4.3.8) lib/puma/thread_pool.rb:134:in `block in spawn_thread'
Started GET "/toddlers" for ::1 at 2021-10-06 11:13:56 -0500
  [1m[35m (0.4ms)[0m  [1m[34mSELECT sqlite_version(*)[0m
  [1m[35m (0.1ms)[0m  [1m[34mSELECT "schema_migrations"."version" FROM "schema_migrations" ORDER BY "schema_migrations"."version" ASC[0m
Processing by ToddlersController#index as HTML
Completed 404 Not Found in 9ms (ActiveRecord: 2.2ms | Allocations: 2055)


  
ActiveRecord::RecordNotFound (Couldn't find Daycare without an ID):
  
app/controllers/toddlers_controller.rb:49:in `set_daycare'
Started GET "/toddlers" for ::1 at 2021-10-06 11:14:25 -0500
  [1m[35m (0.4ms)[0m  [1m[34mSELECT sqlite_version(*)[0m
  [1m[35m (0.2ms)[0m  [1m[34mSELECT "schema_migrations"."version" FROM "schema_migrations" ORDER BY "schema_migrations"."version" ASC[0m
Processing by ToddlersController#index as HTML
  [1m[36mDaycare Load (0.1ms)[0m  [1m[34mSELECT "daycares".* FROM "daycares" LIMIT ?[0m  [["LIMIT", 1]]
  â†³ app/controllers/toddlers_controller.rb:49:in `set_daycare'
  [1m[36mToddler Load (0.2ms)[0m  [1m[34mSELECT "toddlers".* FROM "toddlers"[0m
  â†³ app/controllers/toddlers_controller.rb:9:in `index'
Completed 200 OK in 41ms (Views: 18.2ms | ActiveRecord: 1.5ms | Allocations: 13860)


Started GET "/daycares" for ::1 at 2021-10-06 11:14:34 -0500
Started GET "/daycares/undefined/toddlers" for ::1 at 2021-10-06 11:14:34 -0500
Processing by DaycaresController#index as */*
  [1m[36mDaycare Load (0.2ms)[0m  [1m[34mSELECT "daycares".* FROM "daycares"[0m
  â†³ app/controllers/daycares_controller.rb:8:in `index'
  [1m[36mToddler Load (0.2ms)[0m  [1m[34mSELECT "toddlers".* FROM "toddlers" WHERE "toddlers"."daycare_id" = ?[0m  [["daycare_id", 1]]
  â†³ app/controllers/daycares_controller.rb:8:in `index'
  [1m[35m (0.1ms)[0m  [1m[34mSELECT sqlite_version(*)[0m
  [1m[36mToddler Load (0.1ms)[0m  [1m[34mSELECT "toddlers".* FROM "toddlers" WHERE "toddlers"."daycare_id" = ?[0m  [["daycare_id", 2]]
  â†³ app/controllers/daycares_controller.rb:8:in `index'
Processing by ToddlersController#index as */*
  Parameters: {"daycare_id"=>"undefined"}
Completed 200 OK in 20ms (Views: 19.3ms | ActiveRecord: 0.5ms | Allocations: 7253)


  [1m[36mDaycare Load (0.3ms)[0m  [1m[34mSELECT "daycares".* FROM "daycares" WHERE (undefined) LIMIT ?[0m  [["LIMIT", 1]]
  â†³ app/controllers/toddlers_controller.rb:49:in `set_daycare'
Completed 500 Internal Server Error in 3ms (ActiveRecord: 0.3ms | Allocations: 998)


  
ActiveRecord::StatementInvalid (SQLite3::SQLException: no such column: undefined):
  
app/controllers/toddlers_controller.rb:49:in `set_daycare'
Started GET "/daycares" for ::1 at 2021-10-06 11:15:57 -0500
Started GET "/toddlers" for ::1 at 2021-10-06 11:15:57 -0500
Processing by DaycaresController#index as */*
  [1m[36mDaycare Load (0.2ms)[0m  [1m[34mSELECT "daycares".* FROM "daycares"[0m
  â†³ app/controllers/daycares_controller.rb:8:in `index'
Processing by ToddlersController#index as */*
  [1m[36mDaycare Load (0.2ms)[0m  [1m[34mSELECT "daycares".* FROM "daycares" LIMIT ?[0m  [["LIMIT", 1]]
  â†³ app/controllers/toddlers_controller.rb:49:in `set_daycare'
  [1m[36mToddler Load (1.1ms)[0m  [1m[34mSELECT "toddlers".* FROM "toddlers" WHERE "toddlers"."daycare_id" = ?[0m  [["daycare_id", 1]]
  [1m[36mToddler Load (0.6ms)[0m  [1m[34mSELECT "toddlers".* FROM "toddlers"[0m
  â†³ app/controllers/toddlers_controller.rb:9:in `index'
  â†³ app/controllers/daycares_controller.rb:8:in `index'
Completed 200 OK in 19ms (Views: 7.2ms | ActiveRecord: 0.8ms | Allocations: 3170)


  [1m[36mToddler Load (0.5ms)[0m  [1m[34mSELECT "toddlers".* FROM "toddlers" WHERE "toddlers"."daycare_id" = ?[0m  [["daycare_id", 2]]
  â†³ app/controllers/daycares_controller.rb:8:in `index'
Completed 200 OK in 31ms (Views: 29.2ms | ActiveRecord: 1.8ms | Allocations: 6212)


Started GET "/daycares" for ::1 at 2021-10-06 11:16:02 -0500
Started GET "/toddlers" for ::1 at 2021-10-06 11:16:02 -0500
Processing by DaycaresController#index as */*
  [1m[36mDaycare Load (0.2ms)[0m  [1m[34mSELECT "daycares".* FROM "daycares"[0m
  â†³ app/controllers/daycares_controller.rb:8:in `index'
Processing by ToddlersController#index as */*
  [1m[36mDaycare Load (0.1ms)[0m  [1m[34mSELECT "daycares".* FROM "daycares" LIMIT ?[0m  [["LIMIT", 1]]
  â†³ app/controllers/toddlers_controller.rb:49:in `set_daycare'
  [1m[36mToddler Load (0.1ms)[0m  [1m[34mSELECT "toddlers".* FROM "toddlers" WHERE "toddlers"."daycare_id" = ?[0m  [["daycare_id", 1]]
  â†³ app/controllers/daycares_controller.rb:8:in `index'
  [1m[36mToddler Load (0.1ms)[0m  [1m[34mSELECT "toddlers".* FROM "toddlers"[0m
  [1m[36mToddler Load (0.1ms)[0m  [1m[34mSELECT "toddlers".* FROM "toddlers" WHERE "toddlers"."daycare_id" = ?[0m  [["daycare_id", 2]]
  â†³ app/controllers/toddlers_controller.rb:9:in `index'
Completed 200 OK in 7ms (Views: 4.3ms | ActiveRecord: 0.2ms | Allocations: 3744)


  â†³ app/controllers/daycares_controller.rb:8:in `index'
Completed 200 OK in 12ms (Views: 11.5ms | ActiveRecord: 0.4ms | Allocations: 5982)


